<?xml version="1.0" encoding="UTF-8"?>
<testsuite xmlns:xsi="http://www.w3.org/2001/XMLSchema-instance" xsi:noNamespaceSchemaLocation="https://maven.apache.org/surefire/maven-surefire-plugin/xsd/surefire-test-report-3.0.xsd" version="3.0" name="sn.ept.git.seminaire.cicd.repositories.TagRepositoryTest" time="13.33" tests="6" errors="0" skipped="0" failures="0">
  <properties>
[...]
</properties>
  <testcase name="contextLoads" classname="sn.ept.git.seminaire.cicd.repositories.TagRepositoryTest" time="0.492">
    <system-out><![CDATA[03:16:33.523 [main] DEBUG org.springframework.test.context.BootstrapUtils - Instantiating CacheAwareContextLoaderDelegate from class [org.springframework.test.context.cache.DefaultCacheAwareContextLoaderDelegate]
03:16:33.558 [main] DEBUG org.springframework.test.context.BootstrapUtils - Instantiating BootstrapContext using constructor [public org.springframework.test.context.support.DefaultBootstrapContext(java.lang.Class,org.springframework.test.context.CacheAwareContextLoaderDelegate)]
03:16:33.683 [main] DEBUG org.springframework.test.context.BootstrapUtils - Instantiating TestContextBootstrapper for test class [sn.ept.git.seminaire.cicd.repositories.TagRepositoryTest] from class [org.springframework.boot.test.context.SpringBootTestContextBootstrapper]
03:16:33.714 [main] INFO org.springframework.boot.test.context.SpringBootTestContextBootstrapper - Neither @ContextConfiguration nor @ContextHierarchy found for test class [sn.ept.git.seminaire.cicd.repositories.TagRepositoryTest], using SpringBootContextLoader
03:16:33.723 [main] DEBUG org.springframework.test.context.support.AbstractContextLoader - Did not detect default resource location for test class [sn.ept.git.seminaire.cicd.repositories.TagRepositoryTest]: class path resource [sn/ept/git/seminaire/cicd/repositories/TagRepositoryTest-context.xml] does not exist
03:16:33.724 [main] DEBUG org.springframework.test.context.support.AbstractContextLoader - Did not detect default resource location for test class [sn.ept.git.seminaire.cicd.repositories.TagRepositoryTest]: class path resource [sn/ept/git/seminaire/cicd/repositories/TagRepositoryTestContext.groovy] does not exist
03:16:33.724 [main] INFO org.springframework.test.context.support.AbstractContextLoader - Could not detect default resource locations for test class [sn.ept.git.seminaire.cicd.repositories.TagRepositoryTest]: no resource found for suffixes {-context.xml, Context.groovy}.
03:16:33.828 [main] DEBUG org.springframework.test.context.support.ActiveProfilesUtils - Could not find an 'annotation declaring class' for annotation type [org.springframework.test.context.ActiveProfiles] and class [sn.ept.git.seminaire.cicd.repositories.TagRepositoryTest]
03:16:34.138 [main] DEBUG org.springframework.boot.test.context.SpringBootTestContextBootstrapper - @TestExecutionListeners is not present for class [sn.ept.git.seminaire.cicd.repositories.TagRepositoryTest]: using defaults.
03:16:34.139 [main] INFO org.springframework.boot.test.context.SpringBootTestContextBootstrapper - Loaded default TestExecutionListener class names from location [META-INF/spring.factories]: [org.springframework.boot.test.mock.mockito.MockitoTestExecutionListener, org.springframework.boot.test.mock.mockito.ResetMocksTestExecutionListener, org.springframework.boot.test.autoconfigure.restdocs.RestDocsTestExecutionListener, org.springframework.boot.test.autoconfigure.web.client.MockRestServiceServerResetTestExecutionListener, org.springframework.boot.test.autoconfigure.web.servlet.MockMvcPrintOnlyOnFailureTestExecutionListener, org.springframework.boot.test.autoconfigure.web.servlet.WebDriverTestExecutionListener, org.springframework.boot.test.autoconfigure.webservices.client.MockWebServiceServerTestExecutionListener, org.springframework.test.context.web.ServletTestExecutionListener, org.springframework.test.context.support.DirtiesContextBeforeModesTestExecutionListener, org.springframework.test.context.event.ApplicationEventsTestExecutionListener, org.springframework.test.context.support.DependencyInjectionTestExecutionListener, org.springframework.test.context.support.DirtiesContextTestExecutionListener, org.springframework.test.context.transaction.TransactionalTestExecutionListener, org.springframework.test.context.jdbc.SqlScriptsTestExecutionListener, org.springframework.test.context.event.EventPublishingTestExecutionListener]
03:16:34.188 [main] INFO org.springframework.boot.test.context.SpringBootTestContextBootstrapper - Using TestExecutionListeners: [org.springframework.test.context.web.ServletTestExecutionListener@428c9250, org.springframework.test.context.support.DirtiesContextBeforeModesTestExecutionListener@7c1a4a74, org.springframework.test.context.event.ApplicationEventsTestExecutionListener@46569cab, org.springframework.boot.test.mock.mockito.MockitoTestExecutionListener@5d33426a, org.springframework.boot.test.autoconfigure.SpringBootDependencyInjectionTestExecutionListener@7b8b458e, org.springframework.test.context.support.DirtiesContextTestExecutionListener@55ecf961, org.springframework.test.context.transaction.TransactionalTestExecutionListener@27ad94b3, org.springframework.test.context.jdbc.SqlScriptsTestExecutionListener@604aa23e, org.springframework.test.context.event.EventPublishingTestExecutionListener@414c2c8c, org.springframework.boot.test.mock.mockito.ResetMocksTestExecutionListener@73d9f235, org.springframework.boot.test.autoconfigure.restdocs.RestDocsTestExecutionListener@389ae8f1, org.springframework.boot.test.autoconfigure.web.client.MockRestServiceServerResetTestExecutionListener@d74f68e, org.springframework.boot.test.autoconfigure.web.servlet.MockMvcPrintOnlyOnFailureTestExecutionListener@2d7c93e0, org.springframework.boot.test.autoconfigure.web.servlet.WebDriverTestExecutionListener@11088420, org.springframework.boot.test.autoconfigure.webservices.client.MockWebServiceServerTestExecutionListener@7eba3b90]
03:16:34.195 [main] DEBUG org.springframework.test.context.support.AbstractDirtiesContextTestExecutionListener - Before test class: context [DefaultTestContext@406fec86 testClass = TagRepositoryTest, testInstance = [null], testMethod = [null], testException = [null], mergedContextConfiguration = [WebMergedContextConfiguration@ac94285 testClass = TagRepositoryTest, locations = '{}', classes = '{class sn.ept.git.seminaire.cicd.TodoApplication}', contextInitializerClasses = '[]', activeProfiles = '{}', propertySourceLocations = '{}', propertySourceProperties = '{org.springframework.boot.test.context.SpringBootTestContextBootstrapper=true}', contextCustomizers = set[org.springframework.boot.test.context.filter.ExcludeFilterContextCustomizer@4ba62429, org.springframework.boot.test.json.DuplicateJsonObjectContextCustomizerFactory$DuplicateJsonObjectContextCustomizer@56e4f071, org.springframework.boot.test.mock.mockito.MockitoContextCustomizer@0, org.springframework.boot.test.web.client.TestRestTemplateContextCustomizer@3cfd9459, org.springframework.boot.test.autoconfigure.actuate.metrics.MetricsExportContextCustomizerFactory$DisableMetricExportContextCustomizer@442bb11b, org.springframework.boot.test.autoconfigure.properties.PropertyMappingContextCustomizer@0, org.springframework.boot.test.autoconfigure.web.servlet.WebDriverContextCustomizerFactory$Customizer@50dfac19, org.springframework.boot.test.context.SpringBootTestArgs@1, org.springframework.boot.test.context.SpringBootTestWebEnvironment@307cf289], resourceBasePath = 'src/main/webapp', contextLoader = 'org.springframework.boot.test.context.SpringBootContextLoader', parent = [null]], attributes = map['org.springframework.test.context.web.ServletTestExecutionListener.activateListener' -> true]], class annotated with @DirtiesContext [false] with mode [null].
03:16:34.271 [main] DEBUG org.springframework.test.context.support.TestPropertySourceUtils - Adding inlined properties to environment: {spring.jmx.enabled=false, org.springframework.boot.test.context.SpringBootTestContextBootstrapper=true}

  .   ____          _            __ _ _
 /\\ / ___'_ __ _ _(_)_ __  __ _ \ \ \ \
( ( )\___ | '_ | '_| | '_ \/ _` | \ \ \ \
 \\/  ___)| |_)| | | | | || (_| |  ) ) ) )
  '  |____| .__|_| |_|_| |_\__, | / / / /
 =========|_|==============|___/=/_/_/_/
 :: Spring Boot ::                (v2.5.2)

2023-09-14 03:16:35.006  INFO 2899 --- [           main] s.e.g.s.c.r.TagRepositoryTest            : Starting TagRepositoryTest using Java 11.0.11 on mouhag.home with PID 2899 (started by macbookpro in /Users/macbookpro/Documents/Dic1/Projects/agilite/todos)
2023-09-14 03:16:35.011  INFO 2899 --- [           main] s.e.g.s.c.r.TagRepositoryTest            : No active profile set, falling back to default profiles: default
2023-09-14 03:16:37.074  INFO 2899 --- [           main] .s.d.r.c.RepositoryConfigurationDelegate : Bootstrapping Spring Data JPA repositories in DEFAULT mode.
2023-09-14 03:16:37.265  INFO 2899 --- [           main] .s.d.r.c.RepositoryConfigurationDelegate : Finished Spring Data repository scanning in 171 ms. Found 2 JPA repository interfaces.
2023-09-14 03:16:38.822  INFO 2899 --- [           main] o.hibernate.jpa.internal.util.LogHelper  : HHH000204: Processing PersistenceUnitInfo [name: default]
2023-09-14 03:16:38.997  INFO 2899 --- [           main] org.hibernate.Version                    : HHH000412: Hibernate ORM core version 5.4.32.Final
2023-09-14 03:16:39.121  INFO 2899 --- [           main] o.hibernate.annotations.common.Version   : HCANN000001: Hibernate Commons Annotations {5.1.2.Final}
2023-09-14 03:16:39.552  INFO 2899 --- [           main] com.zaxxer.hikari.HikariDataSource       : HikariPool-1 - Starting...
2023-09-14 03:16:40.688  INFO 2899 --- [           main] com.zaxxer.hikari.HikariDataSource       : HikariPool-1 - Start completed.
2023-09-14 03:16:40.815  INFO 2899 --- [           main] org.hibernate.dialect.Dialect            : HHH000400: Using dialect: org.hibernate.dialect.H2Dialect
Hibernate: drop table if exists acicd_tags CASCADE 
Hibernate: drop table if exists acicd_todos CASCADE 
Hibernate: drop table if exists tags_todos CASCADE 
Hibernate: create table acicd_tags (id binary not null, created_date timestamp, deleted boolean not null, enabled boolean not null, last_modified_date timestamp, version integer not null, description varchar(255), name varchar(50), primary key (id))
Hibernate: create table acicd_todos (id binary not null, created_date timestamp, deleted boolean not null, enabled boolean not null, last_modified_date timestamp, version integer not null, completed boolean not null, description varchar(255), title varchar(80), primary key (id))
Hibernate: create table tags_todos (id_todo binary not null, id_tag binary not null, primary key (id_todo, id_tag))
Hibernate: alter table acicd_tags add constraint UK_m8cmpn3mbl6rddcmdp6jkm5gj unique (name)
Hibernate: alter table acicd_todos add constraint UK_rv65c4b0kp0g2m7kfplxsjn9f unique (title)
Hibernate: alter table tags_todos add constraint FKaomjpjc4ry7p65i1h7pqkg9r1 foreign key (id_tag) references acicd_tags
Hibernate: alter table tags_todos add constraint FKpw0duwb5dmunp1utsagammrdd foreign key (id_todo) references acicd_todos
2023-09-14 03:16:42.502  INFO 2899 --- [           main] o.h.e.t.j.p.i.JtaPlatformInitiator       : HHH000490: Using JtaPlatform implementation: [org.hibernate.engine.transaction.jta.platform.internal.NoJtaPlatform]
2023-09-14 03:16:42.526  INFO 2899 --- [           main] j.LocalContainerEntityManagerFactoryBean : Initialized JPA EntityManagerFactory for persistence unit 'default'
2023-09-14 03:16:44.551  WARN 2899 --- [           main] JpaBaseConfiguration$JpaWebConfiguration : spring.jpa.open-in-view is enabled by default. Therefore, database queries may be performed during view rendering. Explicitly configure spring.jpa.open-in-view to disable this warning
2023-09-14 03:16:45.288  INFO 2899 --- [           main] o.s.b.a.h2.H2ConsoleAutoConfiguration    : H2 console available at '/h2-console'. Database available at 'jdbc:h2:mem:todos_test_database'
2023-09-14 03:16:46.004  INFO 2899 --- [           main] s.e.g.s.c.r.TagRepositoryTest            : Started TagRepositoryTest in 11.716 seconds (JVM running for 23.722)
2023-09-14 03:16:46.082  INFO 2899 --- [           main] o.s.t.c.transaction.TransactionContext   : Began transaction (1) for test context [DefaultTestContext@406fec86 testClass = TagRepositoryTest, testInstance = sn.ept.git.seminaire.cicd.repositories.TagRepositoryTest@416571ba, testMethod = contextLoads@RepositoryBaseTest, testException = [null], mergedContextConfiguration = [WebMergedContextConfiguration@ac94285 testClass = TagRepositoryTest, locations = '{}', classes = '{class sn.ept.git.seminaire.cicd.TodoApplication}', contextInitializerClasses = '[]', activeProfiles = '{}', propertySourceLocations = '{}', propertySourceProperties = '{org.springframework.boot.test.context.SpringBootTestContextBootstrapper=true}', contextCustomizers = set[org.springframework.boot.test.context.filter.ExcludeFilterContextCustomizer@4ba62429, org.springframework.boot.test.json.DuplicateJsonObjectContextCustomizerFactory$DuplicateJsonObjectContextCustomizer@56e4f071, org.springframework.boot.test.mock.mockito.MockitoContextCustomizer@0, org.springframework.boot.test.web.client.TestRestTemplateContextCustomizer@3cfd9459, org.springframework.boot.test.autoconfigure.actuate.metrics.MetricsExportContextCustomizerFactory$DisableMetricExportContextCustomizer@442bb11b, org.springframework.boot.test.autoconfigure.properties.PropertyMappingContextCustomizer@0, org.springframework.boot.test.autoconfigure.web.servlet.WebDriverContextCustomizerFactory$Customizer@50dfac19, org.springframework.boot.test.context.SpringBootTestArgs@1, org.springframework.boot.test.context.SpringBootTestWebEnvironment@307cf289], resourceBasePath = 'src/main/webapp', contextLoader = 'org.springframework.boot.test.context.SpringBootContextLoader', parent = [null]], attributes = map['org.springframework.test.context.web.ServletTestExecutionListener.activateListener' -> true, 'org.springframework.test.context.web.ServletTestExecutionListener.populatedRequestContextHolder' -> true, 'org.springframework.test.context.web.ServletTestExecutionListener.resetRequestContextHolder' -> true, 'org.springframework.test.context.event.ApplicationEventsTestExecutionListener.recordApplicationEvents' -> false]]; transaction manager [org.springframework.orm.jpa.JpaTransactionManager@4037059c]; rollback [true]
Hibernate: select tag0_.id as id1_0_, tag0_.created_date as created_2_0_, tag0_.deleted as deleted3_0_, tag0_.enabled as enabled4_0_, tag0_.last_modified_date as last_mod5_0_, tag0_.version as version6_0_, tag0_.description as descript7_0_, tag0_.name as name8_0_ from acicd_tags tag0_ where (  tag0_.deleted = 0 )
Hibernate: select tag0_.id as id1_0_0_, tag0_.created_date as created_2_0_0_, tag0_.deleted as deleted3_0_0_, tag0_.enabled as enabled4_0_0_, tag0_.last_modified_date as last_mod5_0_0_, tag0_.version as version6_0_0_, tag0_.description as descript7_0_0_, tag0_.name as name8_0_0_ from acicd_tags tag0_ where tag0_.id=? and (  tag0_.deleted = 0 ) 
Hibernate: insert into acicd_tags (created_date, deleted, enabled, last_modified_date, version, description, name, id) values (?, ?, ?, ?, ?, ?, ?, ?)
Hibernate: update acicd_tags set deleted=?, enabled=?, last_modified_date=?, version=?, description=?, name=? where id=? and version=?
2023-09-14 03:16:46.542  INFO 2899 --- [           main] o.s.t.c.transaction.TransactionContext   : Rolled back transaction for test: [DefaultTestContext@406fec86 testClass = TagRepositoryTest, testInstance = sn.ept.git.seminaire.cicd.repositories.TagRepositoryTest@416571ba, testMethod = contextLoads@RepositoryBaseTest, testException = [null], mergedContextConfiguration = [WebMergedContextConfiguration@ac94285 testClass = TagRepositoryTest, locations = '{}', classes = '{class sn.ept.git.seminaire.cicd.TodoApplication}', contextInitializerClasses = '[]', activeProfiles = '{}', propertySourceLocations = '{}', propertySourceProperties = '{org.springframework.boot.test.context.SpringBootTestContextBootstrapper=true}', contextCustomizers = set[org.springframework.boot.test.context.filter.ExcludeFilterContextCustomizer@4ba62429, org.springframework.boot.test.json.DuplicateJsonObjectContextCustomizerFactory$DuplicateJsonObjectContextCustomizer@56e4f071, org.springframework.boot.test.mock.mockito.MockitoContextCustomizer@0, org.springframework.boot.test.web.client.TestRestTemplateContextCustomizer@3cfd9459, org.springframework.boot.test.autoconfigure.actuate.metrics.MetricsExportContextCustomizerFactory$DisableMetricExportContextCustomizer@442bb11b, org.springframework.boot.test.autoconfigure.properties.PropertyMappingContextCustomizer@0, org.springframework.boot.test.autoconfigure.web.servlet.WebDriverContextCustomizerFactory$Customizer@50dfac19, org.springframework.boot.test.context.SpringBootTestArgs@1, org.springframework.boot.test.context.SpringBootTestWebEnvironment@307cf289], resourceBasePath = 'src/main/webapp', contextLoader = 'org.springframework.boot.test.context.SpringBootContextLoader', parent = [null]], attributes = map['org.springframework.test.context.web.ServletTestExecutionListener.activateListener' -> true, 'org.springframework.test.context.web.ServletTestExecutionListener.populatedRequestContextHolder' -> true, 'org.springframework.test.context.web.ServletTestExecutionListener.resetRequestContextHolder' -> true, 'org.springframework.test.context.event.ApplicationEventsTestExecutionListener.recordApplicationEvents' -> false]]
]]></system-out>
  </testcase>
  <testcase name="findByNameWithIdNotEqual_shouldReturnResult" classname="sn.ept.git.seminaire.cicd.repositories.TagRepositoryTest" time="0.112">
    <system-out><![CDATA[2023-09-14 03:16:46.547  INFO 2899 --- [           main] o.s.t.c.transaction.TransactionContext   : Began transaction (1) for test context [DefaultTestContext@406fec86 testClass = TagRepositoryTest, testInstance = sn.ept.git.seminaire.cicd.repositories.TagRepositoryTest@2876ab79, testMethod = findByNameWithIdNotEqual_shouldReturnResult@TagRepositoryTest, testException = [null], mergedContextConfiguration = [WebMergedContextConfiguration@ac94285 testClass = TagRepositoryTest, locations = '{}', classes = '{class sn.ept.git.seminaire.cicd.TodoApplication}', contextInitializerClasses = '[]', activeProfiles = '{}', propertySourceLocations = '{}', propertySourceProperties = '{org.springframework.boot.test.context.SpringBootTestContextBootstrapper=true}', contextCustomizers = set[org.springframework.boot.test.context.filter.ExcludeFilterContextCustomizer@4ba62429, org.springframework.boot.test.json.DuplicateJsonObjectContextCustomizerFactory$DuplicateJsonObjectContextCustomizer@56e4f071, org.springframework.boot.test.mock.mockito.MockitoContextCustomizer@0, org.springframework.boot.test.web.client.TestRestTemplateContextCustomizer@3cfd9459, org.springframework.boot.test.autoconfigure.actuate.metrics.MetricsExportContextCustomizerFactory$DisableMetricExportContextCustomizer@442bb11b, org.springframework.boot.test.autoconfigure.properties.PropertyMappingContextCustomizer@0, org.springframework.boot.test.autoconfigure.web.servlet.WebDriverContextCustomizerFactory$Customizer@50dfac19, org.springframework.boot.test.context.SpringBootTestArgs@1, org.springframework.boot.test.context.SpringBootTestWebEnvironment@307cf289], resourceBasePath = 'src/main/webapp', contextLoader = 'org.springframework.boot.test.context.SpringBootContextLoader', parent = [null]], attributes = map['org.springframework.test.context.web.ServletTestExecutionListener.activateListener' -> true, 'org.springframework.test.context.web.ServletTestExecutionListener.populatedRequestContextHolder' -> true, 'org.springframework.test.context.web.ServletTestExecutionListener.resetRequestContextHolder' -> true, 'org.springframework.test.context.event.ApplicationEventsTestExecutionListener.recordApplicationEvents' -> false]]; transaction manager [org.springframework.orm.jpa.JpaTransactionManager@4037059c]; rollback [true]
Hibernate: select tag0_.id as id1_0_, tag0_.created_date as created_2_0_, tag0_.deleted as deleted3_0_, tag0_.enabled as enabled4_0_, tag0_.last_modified_date as last_mod5_0_, tag0_.version as version6_0_, tag0_.description as descript7_0_, tag0_.name as name8_0_ from acicd_tags tag0_ where (  tag0_.deleted = 0 )
Hibernate: select tag0_.id as id1_0_0_, tag0_.created_date as created_2_0_0_, tag0_.deleted as deleted3_0_0_, tag0_.enabled as enabled4_0_0_, tag0_.last_modified_date as last_mod5_0_0_, tag0_.version as version6_0_0_, tag0_.description as descript7_0_0_, tag0_.name as name8_0_0_ from acicd_tags tag0_ where tag0_.id=? and (  tag0_.deleted = 0 ) 
Hibernate: insert into acicd_tags (created_date, deleted, enabled, last_modified_date, version, description, name, id) values (?, ?, ?, ?, ?, ?, ?, ?)
Hibernate: update acicd_tags set deleted=?, enabled=?, last_modified_date=?, version=?, description=?, name=? where id=? and version=?
Hibernate: select tag0_.id as id1_0_, tag0_.created_date as created_2_0_, tag0_.deleted as deleted3_0_, tag0_.enabled as enabled4_0_, tag0_.last_modified_date as last_mod5_0_, tag0_.version as version6_0_, tag0_.description as descript7_0_, tag0_.name as name8_0_ from acicd_tags tag0_ where (  tag0_.deleted = 0 ) and tag0_.name=? and tag0_.id<>?
2023-09-14 03:16:46.656  INFO 2899 --- [           main] o.s.t.c.transaction.TransactionContext   : Rolled back transaction for test: [DefaultTestContext@406fec86 testClass = TagRepositoryTest, testInstance = sn.ept.git.seminaire.cicd.repositories.TagRepositoryTest@2876ab79, testMethod = findByNameWithIdNotEqual_shouldReturnResult@TagRepositoryTest, testException = [null], mergedContextConfiguration = [WebMergedContextConfiguration@ac94285 testClass = TagRepositoryTest, locations = '{}', classes = '{class sn.ept.git.seminaire.cicd.TodoApplication}', contextInitializerClasses = '[]', activeProfiles = '{}', propertySourceLocations = '{}', propertySourceProperties = '{org.springframework.boot.test.context.SpringBootTestContextBootstrapper=true}', contextCustomizers = set[org.springframework.boot.test.context.filter.ExcludeFilterContextCustomizer@4ba62429, org.springframework.boot.test.json.DuplicateJsonObjectContextCustomizerFactory$DuplicateJsonObjectContextCustomizer@56e4f071, org.springframework.boot.test.mock.mockito.MockitoContextCustomizer@0, org.springframework.boot.test.web.client.TestRestTemplateContextCustomizer@3cfd9459, org.springframework.boot.test.autoconfigure.actuate.metrics.MetricsExportContextCustomizerFactory$DisableMetricExportContextCustomizer@442bb11b, org.springframework.boot.test.autoconfigure.properties.PropertyMappingContextCustomizer@0, org.springframework.boot.test.autoconfigure.web.servlet.WebDriverContextCustomizerFactory$Customizer@50dfac19, org.springframework.boot.test.context.SpringBootTestArgs@1, org.springframework.boot.test.context.SpringBootTestWebEnvironment@307cf289], resourceBasePath = 'src/main/webapp', contextLoader = 'org.springframework.boot.test.context.SpringBootContextLoader', parent = [null]], attributes = map['org.springframework.test.context.web.ServletTestExecutionListener.activateListener' -> true, 'org.springframework.test.context.web.ServletTestExecutionListener.populatedRequestContextHolder' -> true, 'org.springframework.test.context.web.ServletTestExecutionListener.resetRequestContextHolder' -> true, 'org.springframework.test.context.event.ApplicationEventsTestExecutionListener.recordApplicationEvents' -> false]]
]]></system-out>
  </testcase>
  <testcase name="findByNameWithIdNotEqual_withSameId_shouldReturnNoResult" classname="sn.ept.git.seminaire.cicd.repositories.TagRepositoryTest" time="0.036">
    <system-out><![CDATA[2023-09-14 03:16:46.661  INFO 2899 --- [           main] o.s.t.c.transaction.TransactionContext   : Began transaction (1) for test context [DefaultTestContext@406fec86 testClass = TagRepositoryTest, testInstance = sn.ept.git.seminaire.cicd.repositories.TagRepositoryTest@dd92153, testMethod = findByNameWithIdNotEqual_withSameId_shouldReturnNoResult@TagRepositoryTest, testException = [null], mergedContextConfiguration = [WebMergedContextConfiguration@ac94285 testClass = TagRepositoryTest, locations = '{}', classes = '{class sn.ept.git.seminaire.cicd.TodoApplication}', contextInitializerClasses = '[]', activeProfiles = '{}', propertySourceLocations = '{}', propertySourceProperties = '{org.springframework.boot.test.context.SpringBootTestContextBootstrapper=true}', contextCustomizers = set[org.springframework.boot.test.context.filter.ExcludeFilterContextCustomizer@4ba62429, org.springframework.boot.test.json.DuplicateJsonObjectContextCustomizerFactory$DuplicateJsonObjectContextCustomizer@56e4f071, org.springframework.boot.test.mock.mockito.MockitoContextCustomizer@0, org.springframework.boot.test.web.client.TestRestTemplateContextCustomizer@3cfd9459, org.springframework.boot.test.autoconfigure.actuate.metrics.MetricsExportContextCustomizerFactory$DisableMetricExportContextCustomizer@442bb11b, org.springframework.boot.test.autoconfigure.properties.PropertyMappingContextCustomizer@0, org.springframework.boot.test.autoconfigure.web.servlet.WebDriverContextCustomizerFactory$Customizer@50dfac19, org.springframework.boot.test.context.SpringBootTestArgs@1, org.springframework.boot.test.context.SpringBootTestWebEnvironment@307cf289], resourceBasePath = 'src/main/webapp', contextLoader = 'org.springframework.boot.test.context.SpringBootContextLoader', parent = [null]], attributes = map['org.springframework.test.context.web.ServletTestExecutionListener.activateListener' -> true, 'org.springframework.test.context.web.ServletTestExecutionListener.populatedRequestContextHolder' -> true, 'org.springframework.test.context.web.ServletTestExecutionListener.resetRequestContextHolder' -> true, 'org.springframework.test.context.event.ApplicationEventsTestExecutionListener.recordApplicationEvents' -> false]]; transaction manager [org.springframework.orm.jpa.JpaTransactionManager@4037059c]; rollback [true]
Hibernate: select tag0_.id as id1_0_, tag0_.created_date as created_2_0_, tag0_.deleted as deleted3_0_, tag0_.enabled as enabled4_0_, tag0_.last_modified_date as last_mod5_0_, tag0_.version as version6_0_, tag0_.description as descript7_0_, tag0_.name as name8_0_ from acicd_tags tag0_ where (  tag0_.deleted = 0 )
Hibernate: select tag0_.id as id1_0_0_, tag0_.created_date as created_2_0_0_, tag0_.deleted as deleted3_0_0_, tag0_.enabled as enabled4_0_0_, tag0_.last_modified_date as last_mod5_0_0_, tag0_.version as version6_0_0_, tag0_.description as descript7_0_0_, tag0_.name as name8_0_0_ from acicd_tags tag0_ where tag0_.id=? and (  tag0_.deleted = 0 ) 
Hibernate: insert into acicd_tags (created_date, deleted, enabled, last_modified_date, version, description, name, id) values (?, ?, ?, ?, ?, ?, ?, ?)
Hibernate: update acicd_tags set deleted=?, enabled=?, last_modified_date=?, version=?, description=?, name=? where id=? and version=?
Hibernate: select tag0_.id as id1_0_, tag0_.created_date as created_2_0_, tag0_.deleted as deleted3_0_, tag0_.enabled as enabled4_0_, tag0_.last_modified_date as last_mod5_0_, tag0_.version as version6_0_, tag0_.description as descript7_0_, tag0_.name as name8_0_ from acicd_tags tag0_ where (  tag0_.deleted = 0 ) and tag0_.name=? and tag0_.id<>?
2023-09-14 03:16:46.691  INFO 2899 --- [           main] o.s.t.c.transaction.TransactionContext   : Rolled back transaction for test: [DefaultTestContext@406fec86 testClass = TagRepositoryTest, testInstance = sn.ept.git.seminaire.cicd.repositories.TagRepositoryTest@dd92153, testMethod = findByNameWithIdNotEqual_withSameId_shouldReturnNoResult@TagRepositoryTest, testException = [null], mergedContextConfiguration = [WebMergedContextConfiguration@ac94285 testClass = TagRepositoryTest, locations = '{}', classes = '{class sn.ept.git.seminaire.cicd.TodoApplication}', contextInitializerClasses = '[]', activeProfiles = '{}', propertySourceLocations = '{}', propertySourceProperties = '{org.springframework.boot.test.context.SpringBootTestContextBootstrapper=true}', contextCustomizers = set[org.springframework.boot.test.context.filter.ExcludeFilterContextCustomizer@4ba62429, org.springframework.boot.test.json.DuplicateJsonObjectContextCustomizerFactory$DuplicateJsonObjectContextCustomizer@56e4f071, org.springframework.boot.test.mock.mockito.MockitoContextCustomizer@0, org.springframework.boot.test.web.client.TestRestTemplateContextCustomizer@3cfd9459, org.springframework.boot.test.autoconfigure.actuate.metrics.MetricsExportContextCustomizerFactory$DisableMetricExportContextCustomizer@442bb11b, org.springframework.boot.test.autoconfigure.properties.PropertyMappingContextCustomizer@0, org.springframework.boot.test.autoconfigure.web.servlet.WebDriverContextCustomizerFactory$Customizer@50dfac19, org.springframework.boot.test.context.SpringBootTestArgs@1, org.springframework.boot.test.context.SpringBootTestWebEnvironment@307cf289], resourceBasePath = 'src/main/webapp', contextLoader = 'org.springframework.boot.test.context.SpringBootContextLoader', parent = [null]], attributes = map['org.springframework.test.context.web.ServletTestExecutionListener.activateListener' -> true, 'org.springframework.test.context.web.ServletTestExecutionListener.populatedRequestContextHolder' -> true, 'org.springframework.test.context.web.ServletTestExecutionListener.resetRequestContextHolder' -> true, 'org.springframework.test.context.event.ApplicationEventsTestExecutionListener.recordApplicationEvents' -> false]]
]]></system-out>
  </testcase>
  <testcase name="findByName_withBadName_shouldReturnNotFound" classname="sn.ept.git.seminaire.cicd.repositories.TagRepositoryTest" time="0.038">
    <system-out><![CDATA[2023-09-14 03:16:46.698  INFO 2899 --- [           main] o.s.t.c.transaction.TransactionContext   : Began transaction (1) for test context [DefaultTestContext@406fec86 testClass = TagRepositoryTest, testInstance = sn.ept.git.seminaire.cicd.repositories.TagRepositoryTest@50e3c719, testMethod = findByName_withBadName_shouldReturnNotFound@TagRepositoryTest, testException = [null], mergedContextConfiguration = [WebMergedContextConfiguration@ac94285 testClass = TagRepositoryTest, locations = '{}', classes = '{class sn.ept.git.seminaire.cicd.TodoApplication}', contextInitializerClasses = '[]', activeProfiles = '{}', propertySourceLocations = '{}', propertySourceProperties = '{org.springframework.boot.test.context.SpringBootTestContextBootstrapper=true}', contextCustomizers = set[org.springframework.boot.test.context.filter.ExcludeFilterContextCustomizer@4ba62429, org.springframework.boot.test.json.DuplicateJsonObjectContextCustomizerFactory$DuplicateJsonObjectContextCustomizer@56e4f071, org.springframework.boot.test.mock.mockito.MockitoContextCustomizer@0, org.springframework.boot.test.web.client.TestRestTemplateContextCustomizer@3cfd9459, org.springframework.boot.test.autoconfigure.actuate.metrics.MetricsExportContextCustomizerFactory$DisableMetricExportContextCustomizer@442bb11b, org.springframework.boot.test.autoconfigure.properties.PropertyMappingContextCustomizer@0, org.springframework.boot.test.autoconfigure.web.servlet.WebDriverContextCustomizerFactory$Customizer@50dfac19, org.springframework.boot.test.context.SpringBootTestArgs@1, org.springframework.boot.test.context.SpringBootTestWebEnvironment@307cf289], resourceBasePath = 'src/main/webapp', contextLoader = 'org.springframework.boot.test.context.SpringBootContextLoader', parent = [null]], attributes = map['org.springframework.test.context.web.ServletTestExecutionListener.activateListener' -> true, 'org.springframework.test.context.web.ServletTestExecutionListener.populatedRequestContextHolder' -> true, 'org.springframework.test.context.web.ServletTestExecutionListener.resetRequestContextHolder' -> true, 'org.springframework.test.context.event.ApplicationEventsTestExecutionListener.recordApplicationEvents' -> false]]; transaction manager [org.springframework.orm.jpa.JpaTransactionManager@4037059c]; rollback [true]
Hibernate: select tag0_.id as id1_0_, tag0_.created_date as created_2_0_, tag0_.deleted as deleted3_0_, tag0_.enabled as enabled4_0_, tag0_.last_modified_date as last_mod5_0_, tag0_.version as version6_0_, tag0_.description as descript7_0_, tag0_.name as name8_0_ from acicd_tags tag0_ where (  tag0_.deleted = 0 )
Hibernate: select tag0_.id as id1_0_0_, tag0_.created_date as created_2_0_0_, tag0_.deleted as deleted3_0_0_, tag0_.enabled as enabled4_0_0_, tag0_.last_modified_date as last_mod5_0_0_, tag0_.version as version6_0_0_, tag0_.description as descript7_0_0_, tag0_.name as name8_0_0_ from acicd_tags tag0_ where tag0_.id=? and (  tag0_.deleted = 0 ) 
Hibernate: insert into acicd_tags (created_date, deleted, enabled, last_modified_date, version, description, name, id) values (?, ?, ?, ?, ?, ?, ?, ?)
Hibernate: update acicd_tags set deleted=?, enabled=?, last_modified_date=?, version=?, description=?, name=? where id=? and version=?
Hibernate: select tag0_.id as id1_0_, tag0_.created_date as created_2_0_, tag0_.deleted as deleted3_0_, tag0_.enabled as enabled4_0_, tag0_.last_modified_date as last_mod5_0_, tag0_.version as version6_0_, tag0_.description as descript7_0_, tag0_.name as name8_0_ from acicd_tags tag0_ where (  tag0_.deleted = 0 ) and tag0_.name=?
2023-09-14 03:16:46.732  INFO 2899 --- [           main] o.s.t.c.transaction.TransactionContext   : Rolled back transaction for test: [DefaultTestContext@406fec86 testClass = TagRepositoryTest, testInstance = sn.ept.git.seminaire.cicd.repositories.TagRepositoryTest@50e3c719, testMethod = findByName_withBadName_shouldReturnNotFound@TagRepositoryTest, testException = [null], mergedContextConfiguration = [WebMergedContextConfiguration@ac94285 testClass = TagRepositoryTest, locations = '{}', classes = '{class sn.ept.git.seminaire.cicd.TodoApplication}', contextInitializerClasses = '[]', activeProfiles = '{}', propertySourceLocations = '{}', propertySourceProperties = '{org.springframework.boot.test.context.SpringBootTestContextBootstrapper=true}', contextCustomizers = set[org.springframework.boot.test.context.filter.ExcludeFilterContextCustomizer@4ba62429, org.springframework.boot.test.json.DuplicateJsonObjectContextCustomizerFactory$DuplicateJsonObjectContextCustomizer@56e4f071, org.springframework.boot.test.mock.mockito.MockitoContextCustomizer@0, org.springframework.boot.test.web.client.TestRestTemplateContextCustomizer@3cfd9459, org.springframework.boot.test.autoconfigure.actuate.metrics.MetricsExportContextCustomizerFactory$DisableMetricExportContextCustomizer@442bb11b, org.springframework.boot.test.autoconfigure.properties.PropertyMappingContextCustomizer@0, org.springframework.boot.test.autoconfigure.web.servlet.WebDriverContextCustomizerFactory$Customizer@50dfac19, org.springframework.boot.test.context.SpringBootTestArgs@1, org.springframework.boot.test.context.SpringBootTestWebEnvironment@307cf289], resourceBasePath = 'src/main/webapp', contextLoader = 'org.springframework.boot.test.context.SpringBootContextLoader', parent = [null]], attributes = map['org.springframework.test.context.web.ServletTestExecutionListener.activateListener' -> true, 'org.springframework.test.context.web.ServletTestExecutionListener.populatedRequestContextHolder' -> true, 'org.springframework.test.context.web.ServletTestExecutionListener.resetRequestContextHolder' -> true, 'org.springframework.test.context.event.ApplicationEventsTestExecutionListener.recordApplicationEvents' -> false]]
]]></system-out>
  </testcase>
  <testcase name="findByName_shouldReturnResult" classname="sn.ept.git.seminaire.cicd.repositories.TagRepositoryTest" time="0.049">
    <system-out><![CDATA[2023-09-14 03:16:46.737  INFO 2899 --- [           main] o.s.t.c.transaction.TransactionContext   : Began transaction (1) for test context [DefaultTestContext@406fec86 testClass = TagRepositoryTest, testInstance = sn.ept.git.seminaire.cicd.repositories.TagRepositoryTest@d3d13ac, testMethod = findByName_shouldReturnResult@TagRepositoryTest, testException = [null], mergedContextConfiguration = [WebMergedContextConfiguration@ac94285 testClass = TagRepositoryTest, locations = '{}', classes = '{class sn.ept.git.seminaire.cicd.TodoApplication}', contextInitializerClasses = '[]', activeProfiles = '{}', propertySourceLocations = '{}', propertySourceProperties = '{org.springframework.boot.test.context.SpringBootTestContextBootstrapper=true}', contextCustomizers = set[org.springframework.boot.test.context.filter.ExcludeFilterContextCustomizer@4ba62429, org.springframework.boot.test.json.DuplicateJsonObjectContextCustomizerFactory$DuplicateJsonObjectContextCustomizer@56e4f071, org.springframework.boot.test.mock.mockito.MockitoContextCustomizer@0, org.springframework.boot.test.web.client.TestRestTemplateContextCustomizer@3cfd9459, org.springframework.boot.test.autoconfigure.actuate.metrics.MetricsExportContextCustomizerFactory$DisableMetricExportContextCustomizer@442bb11b, org.springframework.boot.test.autoconfigure.properties.PropertyMappingContextCustomizer@0, org.springframework.boot.test.autoconfigure.web.servlet.WebDriverContextCustomizerFactory$Customizer@50dfac19, org.springframework.boot.test.context.SpringBootTestArgs@1, org.springframework.boot.test.context.SpringBootTestWebEnvironment@307cf289], resourceBasePath = 'src/main/webapp', contextLoader = 'org.springframework.boot.test.context.SpringBootContextLoader', parent = [null]], attributes = map['org.springframework.test.context.web.ServletTestExecutionListener.activateListener' -> true, 'org.springframework.test.context.web.ServletTestExecutionListener.populatedRequestContextHolder' -> true, 'org.springframework.test.context.web.ServletTestExecutionListener.resetRequestContextHolder' -> true, 'org.springframework.test.context.event.ApplicationEventsTestExecutionListener.recordApplicationEvents' -> false]]; transaction manager [org.springframework.orm.jpa.JpaTransactionManager@4037059c]; rollback [true]
Hibernate: select tag0_.id as id1_0_, tag0_.created_date as created_2_0_, tag0_.deleted as deleted3_0_, tag0_.enabled as enabled4_0_, tag0_.last_modified_date as last_mod5_0_, tag0_.version as version6_0_, tag0_.description as descript7_0_, tag0_.name as name8_0_ from acicd_tags tag0_ where (  tag0_.deleted = 0 )
Hibernate: select tag0_.id as id1_0_0_, tag0_.created_date as created_2_0_0_, tag0_.deleted as deleted3_0_0_, tag0_.enabled as enabled4_0_0_, tag0_.last_modified_date as last_mod5_0_0_, tag0_.version as version6_0_0_, tag0_.description as descript7_0_0_, tag0_.name as name8_0_0_ from acicd_tags tag0_ where tag0_.id=? and (  tag0_.deleted = 0 ) 
Hibernate: insert into acicd_tags (created_date, deleted, enabled, last_modified_date, version, description, name, id) values (?, ?, ?, ?, ?, ?, ?, ?)
Hibernate: update acicd_tags set deleted=?, enabled=?, last_modified_date=?, version=?, description=?, name=? where id=? and version=?
Hibernate: select tag0_.id as id1_0_, tag0_.created_date as created_2_0_, tag0_.deleted as deleted3_0_, tag0_.enabled as enabled4_0_, tag0_.last_modified_date as last_mod5_0_, tag0_.version as version6_0_, tag0_.description as descript7_0_, tag0_.name as name8_0_ from acicd_tags tag0_ where (  tag0_.deleted = 0 ) and tag0_.name=?
2023-09-14 03:16:46.784  INFO 2899 --- [           main] o.s.t.c.transaction.TransactionContext   : Rolled back transaction for test: [DefaultTestContext@406fec86 testClass = TagRepositoryTest, testInstance = sn.ept.git.seminaire.cicd.repositories.TagRepositoryTest@d3d13ac, testMethod = findByName_shouldReturnResult@TagRepositoryTest, testException = [null], mergedContextConfiguration = [WebMergedContextConfiguration@ac94285 testClass = TagRepositoryTest, locations = '{}', classes = '{class sn.ept.git.seminaire.cicd.TodoApplication}', contextInitializerClasses = '[]', activeProfiles = '{}', propertySourceLocations = '{}', propertySourceProperties = '{org.springframework.boot.test.context.SpringBootTestContextBootstrapper=true}', contextCustomizers = set[org.springframework.boot.test.context.filter.ExcludeFilterContextCustomizer@4ba62429, org.springframework.boot.test.json.DuplicateJsonObjectContextCustomizerFactory$DuplicateJsonObjectContextCustomizer@56e4f071, org.springframework.boot.test.mock.mockito.MockitoContextCustomizer@0, org.springframework.boot.test.web.client.TestRestTemplateContextCustomizer@3cfd9459, org.springframework.boot.test.autoconfigure.actuate.metrics.MetricsExportContextCustomizerFactory$DisableMetricExportContextCustomizer@442bb11b, org.springframework.boot.test.autoconfigure.properties.PropertyMappingContextCustomizer@0, org.springframework.boot.test.autoconfigure.web.servlet.WebDriverContextCustomizerFactory$Customizer@50dfac19, org.springframework.boot.test.context.SpringBootTestArgs@1, org.springframework.boot.test.context.SpringBootTestWebEnvironment@307cf289], resourceBasePath = 'src/main/webapp', contextLoader = 'org.springframework.boot.test.context.SpringBootContextLoader', parent = [null]], attributes = map['org.springframework.test.context.web.ServletTestExecutionListener.activateListener' -> true, 'org.springframework.test.context.web.ServletTestExecutionListener.populatedRequestContextHolder' -> true, 'org.springframework.test.context.web.ServletTestExecutionListener.resetRequestContextHolder' -> true, 'org.springframework.test.context.event.ApplicationEventsTestExecutionListener.recordApplicationEvents' -> false]]
]]></system-out>
  </testcase>
  <testcase name="findByName_afterDelete_shouldReturnNotFound" classname="sn.ept.git.seminaire.cicd.repositories.TagRepositoryTest" time="0.03">
    <system-out><![CDATA[2023-09-14 03:16:46.790  INFO 2899 --- [           main] o.s.t.c.transaction.TransactionContext   : Began transaction (1) for test context [DefaultTestContext@406fec86 testClass = TagRepositoryTest, testInstance = sn.ept.git.seminaire.cicd.repositories.TagRepositoryTest@1ad81be6, testMethod = findByName_afterDelete_shouldReturnNotFound@TagRepositoryTest, testException = [null], mergedContextConfiguration = [WebMergedContextConfiguration@ac94285 testClass = TagRepositoryTest, locations = '{}', classes = '{class sn.ept.git.seminaire.cicd.TodoApplication}', contextInitializerClasses = '[]', activeProfiles = '{}', propertySourceLocations = '{}', propertySourceProperties = '{org.springframework.boot.test.context.SpringBootTestContextBootstrapper=true}', contextCustomizers = set[org.springframework.boot.test.context.filter.ExcludeFilterContextCustomizer@4ba62429, org.springframework.boot.test.json.DuplicateJsonObjectContextCustomizerFactory$DuplicateJsonObjectContextCustomizer@56e4f071, org.springframework.boot.test.mock.mockito.MockitoContextCustomizer@0, org.springframework.boot.test.web.client.TestRestTemplateContextCustomizer@3cfd9459, org.springframework.boot.test.autoconfigure.actuate.metrics.MetricsExportContextCustomizerFactory$DisableMetricExportContextCustomizer@442bb11b, org.springframework.boot.test.autoconfigure.properties.PropertyMappingContextCustomizer@0, org.springframework.boot.test.autoconfigure.web.servlet.WebDriverContextCustomizerFactory$Customizer@50dfac19, org.springframework.boot.test.context.SpringBootTestArgs@1, org.springframework.boot.test.context.SpringBootTestWebEnvironment@307cf289], resourceBasePath = 'src/main/webapp', contextLoader = 'org.springframework.boot.test.context.SpringBootContextLoader', parent = [null]], attributes = map['org.springframework.test.context.web.ServletTestExecutionListener.activateListener' -> true, 'org.springframework.test.context.web.ServletTestExecutionListener.populatedRequestContextHolder' -> true, 'org.springframework.test.context.web.ServletTestExecutionListener.resetRequestContextHolder' -> true, 'org.springframework.test.context.event.ApplicationEventsTestExecutionListener.recordApplicationEvents' -> false]]; transaction manager [org.springframework.orm.jpa.JpaTransactionManager@4037059c]; rollback [true]
Hibernate: select tag0_.id as id1_0_, tag0_.created_date as created_2_0_, tag0_.deleted as deleted3_0_, tag0_.enabled as enabled4_0_, tag0_.last_modified_date as last_mod5_0_, tag0_.version as version6_0_, tag0_.description as descript7_0_, tag0_.name as name8_0_ from acicd_tags tag0_ where (  tag0_.deleted = 0 )
Hibernate: select tag0_.id as id1_0_0_, tag0_.created_date as created_2_0_0_, tag0_.deleted as deleted3_0_0_, tag0_.enabled as enabled4_0_0_, tag0_.last_modified_date as last_mod5_0_0_, tag0_.version as version6_0_0_, tag0_.description as descript7_0_0_, tag0_.name as name8_0_0_ from acicd_tags tag0_ where tag0_.id=? and (  tag0_.deleted = 0 ) 
Hibernate: insert into acicd_tags (created_date, deleted, enabled, last_modified_date, version, description, name, id) values (?, ?, ?, ?, ?, ?, ?, ?)
Hibernate: update acicd_tags set deleted=?, enabled=?, last_modified_date=?, version=?, description=?, name=? where id=? and version=?
Hibernate: update acicd_tags set deleted=?, enabled=?, last_modified_date=?, version=?, description=?, name=? where id=? and version=?
Hibernate: select tag0_.id as id1_0_, tag0_.created_date as created_2_0_, tag0_.deleted as deleted3_0_, tag0_.enabled as enabled4_0_, tag0_.last_modified_date as last_mod5_0_, tag0_.version as version6_0_, tag0_.description as descript7_0_, tag0_.name as name8_0_ from acicd_tags tag0_ where (  tag0_.deleted = 0 ) and tag0_.name=?
2023-09-14 03:16:46.817  INFO 2899 --- [           main] o.s.t.c.transaction.TransactionContext   : Rolled back transaction for test: [DefaultTestContext@406fec86 testClass = TagRepositoryTest, testInstance = sn.ept.git.seminaire.cicd.repositories.TagRepositoryTest@1ad81be6, testMethod = findByName_afterDelete_shouldReturnNotFound@TagRepositoryTest, testException = [null], mergedContextConfiguration = [WebMergedContextConfiguration@ac94285 testClass = TagRepositoryTest, locations = '{}', classes = '{class sn.ept.git.seminaire.cicd.TodoApplication}', contextInitializerClasses = '[]', activeProfiles = '{}', propertySourceLocations = '{}', propertySourceProperties = '{org.springframework.boot.test.context.SpringBootTestContextBootstrapper=true}', contextCustomizers = set[org.springframework.boot.test.context.filter.ExcludeFilterContextCustomizer@4ba62429, org.springframework.boot.test.json.DuplicateJsonObjectContextCustomizerFactory$DuplicateJsonObjectContextCustomizer@56e4f071, org.springframework.boot.test.mock.mockito.MockitoContextCustomizer@0, org.springframework.boot.test.web.client.TestRestTemplateContextCustomizer@3cfd9459, org.springframework.boot.test.autoconfigure.actuate.metrics.MetricsExportContextCustomizerFactory$DisableMetricExportContextCustomizer@442bb11b, org.springframework.boot.test.autoconfigure.properties.PropertyMappingContextCustomizer@0, org.springframework.boot.test.autoconfigure.web.servlet.WebDriverContextCustomizerFactory$Customizer@50dfac19, org.springframework.boot.test.context.SpringBootTestArgs@1, org.springframework.boot.test.context.SpringBootTestWebEnvironment@307cf289], resourceBasePath = 'src/main/webapp', contextLoader = 'org.springframework.boot.test.context.SpringBootContextLoader', parent = [null]], attributes = map['org.springframework.test.context.web.ServletTestExecutionListener.activateListener' -> true, 'org.springframework.test.context.web.ServletTestExecutionListener.populatedRequestContextHolder' -> true, 'org.springframework.test.context.web.ServletTestExecutionListener.resetRequestContextHolder' -> true, 'org.springframework.test.context.event.ApplicationEventsTestExecutionListener.recordApplicationEvents' -> false]]
]]></system-out>
  </testcase>
</testsuite>