<?xml version="1.0" encoding="UTF-8"?>
<testsuite xmlns:xsi="http://www.w3.org/2001/XMLSchema-instance" xsi:noNamespaceSchemaLocation="https://maven.apache.org/surefire/maven-surefire-plugin/xsd/surefire-test-report-3.0.xsd" version="3.0" name="sn.ept.git.seminaire.cicd.demo.I_ArchTest" time="2.981" tests="13" errors="0" skipped="0" failures="0">
  <properties>
[...]
</properties>
  <testcase name="onlyRepositoriesShouldBeAnnotatedWithRepository" classname="sn.ept.git.seminaire.cicd.demo.I_ArchTest" time="0.147">
    <system-out><![CDATA[03:16:30.644 [main] INFO com.tngtech.archunit.core.PluginLoader - Detected Java version 11.0.11
03:16:30.645 [main] DEBUG com.tngtech.archunit.core.PluginLoader - Current Java version is compatible to JAVA_9 => Loading Plugin com.tngtech.archunit.core.importer.ModuleImportPlugin
03:16:30.688 [main] DEBUG com.tngtech.archunit.core.importer.UrlSource$From - Found URLs on sun.boot.class.path: []
03:16:30.715 [main] DEBUG com.tngtech.archunit.core.importer.UrlSource$From - Found URLs on java.class.path: [file:/Users/macbookpro/Documents/Dic1/Projects/agilite/todos/target/test-classes/, file:/Users/macbookpro/Documents/Dic1/Projects/agilite/todos/target/classes/, jar:file:/Users/macbookpro/.m2/repository/org/jacoco/jacoco-maven-plugin/0.8.6/jacoco-maven-plugin-0.8.6.jar!/, jar:file:/Users/macbookpro/.m2/repository/org/apache/maven/maven-plugin-api/3.0/maven-plugin-api-3.0.jar!/, jar:file:/Users/macbookpro/.m2/repository/org/apache/maven/maven-model/3.0/maven-model-3.0.jar!/, jar:file:/Users/macbookpro/.m2/repository/org/apache/maven/maven-artifact/3.0/maven-artifact-3.0.jar!/, jar:file:/Users/macbookpro/.m2/repository/org/sonatype/sisu/sisu-inject-plexus/1.4.2/sisu-inject-plexus-1.4.2.jar!/, jar:file:/Users/macbookpro/.m2/repository/org/sonatype/sisu/sisu-inject-bean/1.4.2/sisu-inject-bean-1.4.2.jar!/, jar:file:/Users/macbookpro/.m2/repository/org/sonatype/sisu/sisu-guice/2.1.7/sisu-guice-2.1.7-noaop.jar!/, jar:file:/Users/macbookpro/.m2/repository/org/apache/maven/maven-core/3.0/maven-core-3.0.jar!/, jar:file:/Users/macbookpro/.m2/repository/org/apache/maven/maven-settings/3.0/maven-settings-3.0.jar!/, jar:file:/Users/macbookpro/.m2/repository/org/apache/maven/maven-settings-builder/3.0/maven-settings-builder-3.0.jar!/, jar:file:/Users/macbookpro/.m2/repository/org/apache/maven/maven-repository-metadata/3.0/maven-repository-metadata-3.0.jar!/, jar:file:/Users/macbookpro/.m2/repository/org/apache/maven/maven-model-builder/3.0/maven-model-builder-3.0.jar!/, jar:file:/Users/macbookpro/.m2/repository/org/apache/maven/maven-aether-provider/3.0/maven-aether-provider-3.0.jar!/, jar:file:/Users/macbookpro/.m2/repository/org/sonatype/aether/aether-impl/1.7/aether-impl-1.7.jar!/, jar:file:/Users/macbookpro/.m2/repository/org/sonatype/aether/aether-spi/1.7/aether-spi-1.7.jar!/, jar:file:/Users/macbookpro/.m2/repository/org/sonatype/aether/aether-api/1.7/aether-api-1.7.jar!/, jar:file:/Users/macbookpro/.m2/repository/org/sonatype/aether/aether-util/1.7/aether-util-1.7.jar!/, jar:file:/Users/macbookpro/.m2/repository/org/codehaus/plexus/plexus-interpolation/1.14/plexus-interpolation-1.14.jar!/, jar:file:/Users/macbookpro/.m2/repository/org/codehaus/plexus/plexus-classworlds/2.2.3/plexus-classworlds-2.2.3.jar!/, jar:file:/Users/macbookpro/.m2/repository/org/codehaus/plexus/plexus-component-annotations/1.5.5/plexus-component-annotations-1.5.5.jar!/, jar:file:/Users/macbookpro/.m2/repository/org/sonatype/plexus/plexus-sec-dispatcher/1.3/plexus-sec-dispatcher-1.3.jar!/, jar:file:/Users/macbookpro/.m2/repository/org/sonatype/plexus/plexus-cipher/1.4/plexus-cipher-1.4.jar!/, jar:file:/Users/macbookpro/.m2/repository/org/codehaus/plexus/plexus-utils/3.0.22/plexus-utils-3.0.22.jar!/, jar:file:/Users/macbookpro/.m2/repository/org/apache/maven/shared/file-management/1.2.1/file-management-1.2.1.jar!/, jar:file:/Users/macbookpro/.m2/repository/org/apache/maven/shared/maven-shared-io/1.1/maven-shared-io-1.1.jar!/, jar:file:/Users/macbookpro/.m2/repository/org/apache/maven/maven-artifact-manager/2.0.2/maven-artifact-manager-2.0.2.jar!/, jar:file:/Users/macbookpro/.m2/repository/org/apache/maven/wagon/wagon-provider-api/1.0-alpha-6/wagon-provider-api-1.0-alpha-6.jar!/, jar:file:/Users/macbookpro/.m2/repository/org/codehaus/plexus/plexus-container-default/1.0-alpha-9/plexus-container-default-1.0-alpha-9.jar!/, jar:file:/Users/macbookpro/.m2/repository/junit/junit/4.13.2/junit-4.13.2.jar!/, jar:file:/Users/macbookpro/.m2/repository/org/hamcrest/hamcrest-core/2.2/hamcrest-core-2.2.jar!/, jar:file:/Users/macbookpro/.m2/repository/classworlds/classworlds/1.1-alpha-2/classworlds-1.1-alpha-2.jar!/, jar:file:/Users/macbookpro/.m2/repository/org/apache/maven/reporting/maven-reporting-api/3.0/maven-reporting-api-3.0.jar!/, jar:file:/Users/macbookpro/.m2/repository/org/apache/maven/doxia/doxia-sink-api/1.0/doxia-sink-api-1.0.jar!/, jar:file:/Users/macbookpro/.m2/repository/org/apache/maven/reporting/maven-reporting-impl/2.1/maven-reporting-impl-2.1.jar!/, jar:file:/Users/macbookpro/.m2/repository/org/apache/maven/maven-project/2.0.10/maven-project-2.0.10.jar!/, jar:file:/Users/macbookpro/.m2/repository/org/apache/maven/maven-profile/2.0.10/maven-profile-2.0.10.jar!/, jar:file:/Users/macbookpro/.m2/repository/org/apache/maven/maven-plugin-registry/2.0.10/maven-plugin-registry-2.0.10.jar!/, jar:file:/Users/macbookpro/.m2/repository/org/apache/maven/doxia/doxia-core/1.1.2/doxia-core-1.1.2.jar!/, jar:file:/Users/macbookpro/.m2/repository/org/apache/maven/doxia/doxia-logging-api/1.1.2/doxia-logging-api-1.1.2.jar!/, jar:file:/Users/macbookpro/.m2/repository/xerces/xercesImpl/2.8.1/xercesImpl-2.8.1.jar!/, jar:file:/Users/macbookpro/.m2/repository/commons-httpclient/commons-httpclient/3.1/commons-httpclient-3.1.jar!/, jar:file:/Users/macbookpro/.m2/repository/commons-codec/commons-codec/1.15/commons-codec-1.15.jar!/, jar:file:/Users/macbookpro/.m2/repository/org/apache/maven/doxia/doxia-site-renderer/1.1.2/doxia-site-renderer-1.1.2.jar!/, jar:file:/Users/macbookpro/.m2/repository/org/apache/maven/doxia/doxia-decoration-model/1.1.2/doxia-decoration-model-1.1.2.jar!/, jar:file:/Users/macbookpro/.m2/repository/org/apache/maven/doxia/doxia-module-xhtml/1.1.2/doxia-module-xhtml-1.1.2.jar!/, jar:file:/Users/macbookpro/.m2/repository/org/apache/maven/doxia/doxia-module-fml/1.1.2/doxia-module-fml-1.1.2.jar!/, jar:file:/Users/macbookpro/.m2/repository/org/codehaus/plexus/plexus-i18n/1.0-beta-7/plexus-i18n-1.0-beta-7.jar!/, jar:file:/Users/macbookpro/.m2/repository/org/codehaus/plexus/plexus-velocity/1.1.7/plexus-velocity-1.1.7.jar!/, jar:file:/Users/macbookpro/.m2/repository/org/apache/velocity/velocity/1.5/velocity-1.5.jar!/, jar:file:/Users/macbookpro/.m2/repository/commons-collections/commons-collections/3.2/commons-collections-3.2.jar!/, jar:file:/Users/macbookpro/.m2/repository/commons-validator/commons-validator/1.2.0/commons-validator-1.2.0.jar!/, jar:file:/Users/macbookpro/.m2/repository/commons-beanutils/commons-beanutils/1.7.0/commons-beanutils-1.7.0.jar!/, jar:file:/Users/macbookpro/.m2/repository/commons-digester/commons-digester/1.6/commons-digester-1.6.jar!/, jar:file:/Users/macbookpro/.m2/repository/commons-logging/commons-logging/1.0.4/commons-logging-1.0.4.jar!/, jar:file:/Users/macbookpro/.m2/repository/oro/oro/2.0.8/oro-2.0.8.jar!/, jar:file:/Users/macbookpro/.m2/repository/xml-apis/xml-apis/1.0.b2/xml-apis-1.0.b2.jar!/, jar:file:/Users/macbookpro/.m2/repository/org/jacoco/org.jacoco.agent/0.8.6/org.jacoco.agent-0.8.6-runtime.jar!/, jar:file:/Users/macbookpro/.m2/repository/org/jacoco/org.jacoco.core/0.8.6/org.jacoco.core-0.8.6.jar!/, jar:file:/Users/macbookpro/.m2/repository/org/ow2/asm/asm/8.0.1/asm-8.0.1.jar!/, jar:file:/Users/macbookpro/.m2/repository/org/ow2/asm/asm-commons/8.0.1/asm-commons-8.0.1.jar!/, jar:file:/Users/macbookpro/.m2/repository/org/ow2/asm/asm-analysis/8.0.1/asm-analysis-8.0.1.jar!/, jar:file:/Users/macbookpro/.m2/repository/org/ow2/asm/asm-tree/8.0.1/asm-tree-8.0.1.jar!/, jar:file:/Users/macbookpro/.m2/repository/org/jacoco/org.jacoco.report/0.8.6/org.jacoco.report-0.8.6.jar!/, jar:file:/Users/macbookpro/.m2/repository/com/tngtech/archunit/archunit-junit5-api/0.14.1/archunit-junit5-api-0.14.1.jar!/, jar:file:/Users/macbookpro/.m2/repository/com/tngtech/archunit/archunit/0.14.1/archunit-0.14.1.jar!/, jar:file:/Users/macbookpro/.m2/repository/org/slf4j/slf4j-api/1.7.31/slf4j-api-1.7.31.jar!/, jar:file:/Users/macbookpro/.m2/repository/com/tngtech/archunit/archunit-junit5-engine/0.14.1/archunit-junit5-engine-0.14.1.jar!/, jar:file:/Users/macbookpro/.m2/repository/com/tngtech/archunit/archunit-junit5-engine-api/0.14.1/archunit-junit5-engine-api-0.14.1.jar!/, jar:file:/Users/macbookpro/.m2/repository/org/junit/platform/junit-platform-engine/1.7.2/junit-platform-engine-1.7.2.jar!/, jar:file:/Users/macbookpro/.m2/repository/org/springframework/boot/spring-boot-starter-data-jpa/2.5.2/spring-boot-starter-data-jpa-2.5.2.jar!/, jar:file:/Users/macbookpro/.m2/repository/org/springframework/boot/spring-boot-starter-aop/2.5.2/spring-boot-starter-aop-2.5.2.jar!/, jar:file:/Users/macbookpro/.m2/repository/org/springframework/spring-aop/5.3.8/spring-aop-5.3.8.jar!/, jar:file:/Users/macbookpro/.m2/repository/org/aspectj/aspectjweaver/1.9.6/aspectjweaver-1.9.6.jar!/, jar:file:/Users/macbookpro/.m2/repository/org/springframework/boot/spring-boot-starter-jdbc/2.5.2/spring-boot-starter-jdbc-2.5.2.jar!/, jar:file:/Users/macbookpro/.m2/repository/com/zaxxer/HikariCP/4.0.3/HikariCP-4.0.3.jar!/, jar:file:/Users/macbookpro/.m2/repository/org/springframework/spring-jdbc/5.3.8/spring-jdbc-5.3.8.jar!/, jar:file:/Users/macbookpro/.m2/repository/jakarta/transaction/jakarta.transaction-api/1.3.3/jakarta.transaction-api-1.3.3.jar!/, jar:file:/Users/macbookpro/.m2/repository/jakarta/persistence/jakarta.persistence-api/2.2.3/jakarta.persistence-api-2.2.3.jar!/, jar:file:/Users/macbookpro/.m2/repository/org/hibernate/hibernate-core/5.4.32.Final/hibernate-core-5.4.32.Final.jar!/, jar:file:/Users/macbookpro/.m2/repository/org/jboss/logging/jboss-logging/3.4.2.Final/jboss-logging-3.4.2.Final.jar!/, jar:file:/Users/macbookpro/.m2/repository/org/javassist/javassist/3.27.0-GA/javassist-3.27.0-GA.jar!/, jar:file:/Users/macbookpro/.m2/repository/antlr/antlr/2.7.7/antlr-2.7.7.jar!/, jar:file:/Users/macbookpro/.m2/repository/org/jboss/jandex/2.2.3.Final/jandex-2.2.3.Final.jar!/, jar:file:/Users/macbookpro/.m2/repository/com/fasterxml/classmate/1.5.1/classmate-1.5.1.jar!/, jar:file:/Users/macbookpro/.m2/repository/org/dom4j/dom4j/2.1.3/dom4j-2.1.3.jar!/, jar:file:/Users/macbookpro/.m2/repository/org/hibernate/common/hibernate-commons-annotations/5.1.2.Final/hibernate-commons-annotations-5.1.2.Final.jar!/, jar:file:/Users/macbookpro/.m2/repository/org/glassfish/jaxb/jaxb-runtime/2.3.4/jaxb-runtime-2.3.4.jar!/, jar:file:/Users/macbookpro/.m2/repository/org/glassfish/jaxb/txw2/2.3.4/txw2-2.3.4.jar!/, jar:file:/Users/macbookpro/.m2/repository/com/sun/istack/istack-commons-runtime/3.0.12/istack-commons-runtime-3.0.12.jar!/, jar:file:/Users/macbookpro/.m2/repository/com/sun/activation/jakarta.activation/1.2.2/jakarta.activation-1.2.2.jar!/, jar:file:/Users/macbookpro/.m2/repository/org/springframework/data/spring-data-jpa/2.5.2/spring-data-jpa-2.5.2.jar!/, jar:file:/Users/macbookpro/.m2/repository/org/springframework/data/spring-data-commons/2.5.2/spring-data-commons-2.5.2.jar!/, jar:file:/Users/macbookpro/.m2/repository/org/springframework/spring-orm/5.3.8/spring-orm-5.3.8.jar!/, jar:file:/Users/macbookpro/.m2/repository/org/springframework/spring-context/5.3.8/spring-context-5.3.8.jar!/, jar:file:/Users/macbookpro/.m2/repository/org/springframework/spring-tx/5.3.8/spring-tx-5.3.8.jar!/, jar:file:/Users/macbookpro/.m2/repository/org/springframework/spring-beans/5.3.8/spring-beans-5.3.8.jar!/, jar:file:/Users/macbookpro/.m2/repository/org/springframework/spring-aspects/5.3.8/spring-aspects-5.3.8.jar!/, jar:file:/Users/macbookpro/.m2/repository/org/springframework/boot/spring-boot-starter-web/2.5.2/spring-boot-starter-web-2.5.2.jar!/, jar:file:/Users/macbookpro/.m2/repository/org/springframework/boot/spring-boot-starter/2.5.2/spring-boot-starter-2.5.2.jar!/, jar:file:/Users/macbookpro/.m2/repository/org/springframework/boot/spring-boot/2.5.2/spring-boot-2.5.2.jar!/, jar:file:/Users/macbookpro/.m2/repository/org/springframework/boot/spring-boot-autoconfigure/2.5.2/spring-boot-autoconfigure-2.5.2.jar!/, jar:file:/Users/macbookpro/.m2/repository/org/springframework/boot/spring-boot-starter-logging/2.5.2/spring-boot-starter-logging-2.5.2.jar!/, jar:file:/Users/macbookpro/.m2/repository/ch/qos/logback/logback-classic/1.2.3/logback-classic-1.2.3.jar!/, jar:file:/Users/macbookpro/.m2/repository/ch/qos/logback/logback-core/1.2.3/logback-core-1.2.3.jar!/, jar:file:/Users/macbookpro/.m2/repository/org/slf4j/jul-to-slf4j/1.7.31/jul-to-slf4j-1.7.31.jar!/, jar:file:/Users/macbookpro/.m2/repository/jakarta/annotation/jakarta.annotation-api/1.3.5/jakarta.annotation-api-1.3.5.jar!/, jar:file:/Users/macbookpro/.m2/repository/org/yaml/snakeyaml/1.28/snakeyaml-1.28.jar!/, jar:file:/Users/macbookpro/.m2/repository/org/springframework/boot/spring-boot-starter-json/2.5.2/spring-boot-starter-json-2.5.2.jar!/, jar:file:/Users/macbookpro/.m2/repository/com/fasterxml/jackson/core/jackson-databind/2.12.3/jackson-databind-2.12.3.jar!/, jar:file:/Users/macbookpro/.m2/repository/com/fasterxml/jackson/core/jackson-annotations/2.12.3/jackson-annotations-2.12.3.jar!/, jar:file:/Users/macbookpro/.m2/repository/com/fasterxml/jackson/core/jackson-core/2.12.3/jackson-core-2.12.3.jar!/, jar:file:/Users/macbookpro/.m2/repository/com/fasterxml/jackson/datatype/jackson-datatype-jdk8/2.12.3/jackson-datatype-jdk8-2.12.3.jar!/, jar:file:/Users/macbookpro/.m2/repository/com/fasterxml/jackson/datatype/jackson-datatype-jsr310/2.12.3/jackson-datatype-jsr310-2.12.3.jar!/, jar:file:/Users/macbookpro/.m2/repository/com/fasterxml/jackson/module/jackson-module-parameter-names/2.12.3/jackson-module-parameter-names-2.12.3.jar!/, jar:file:/Users/macbookpro/.m2/repository/org/springframework/boot/spring-boot-starter-tomcat/2.5.2/spring-boot-starter-tomcat-2.5.2.jar!/, jar:file:/Users/macbookpro/.m2/repository/org/apache/tomcat/embed/tomcat-embed-core/9.0.48/tomcat-embed-core-9.0.48.jar!/, jar:file:/Users/macbookpro/.m2/repository/org/apache/tomcat/embed/tomcat-embed-websocket/9.0.48/tomcat-embed-websocket-9.0.48.jar!/, jar:file:/Users/macbookpro/.m2/repository/org/springframework/spring-web/5.3.8/spring-web-5.3.8.jar!/, jar:file:/Users/macbookpro/.m2/repository/org/springframework/spring-webmvc/5.3.8/spring-webmvc-5.3.8.jar!/, jar:file:/Users/macbookpro/.m2/repository/org/springframework/spring-expression/5.3.8/spring-expression-5.3.8.jar!/, jar:file:/Users/macbookpro/.m2/repository/com/microsoft/sqlserver/mssql-jdbc/9.2.1.jre8/mssql-jdbc-9.2.1.jre8.jar!/, jar:file:/Users/macbookpro/.m2/repository/mysql/mysql-connector-java/8.0.25/mysql-connector-java-8.0.25.jar!/, jar:file:/Users/macbookpro/.m2/repository/org/mapstruct/mapstruct-processor/1.3.1.Final/mapstruct-processor-1.3.1.Final.jar!/, jar:file:/Users/macbookpro/.m2/repository/org/mapstruct/mapstruct/1.3.1.Final/mapstruct-1.3.1.Final.jar!/, jar:file:/Users/macbookpro/.m2/repository/org/projectlombok/lombok/1.18.10/lombok-1.18.10.jar!/, jar:file:/Users/macbookpro/.m2/repository/org/springframework/boot/spring-boot-starter-test/2.5.2/spring-boot-starter-test-2.5.2.jar!/, jar:file:/Users/macbookpro/.m2/repository/org/springframework/boot/spring-boot-test/2.5.2/spring-boot-test-2.5.2.jar!/, jar:file:/Users/macbookpro/.m2/repository/org/springframework/boot/spring-boot-test-autoconfigure/2.5.2/spring-boot-test-autoconfigure-2.5.2.jar!/, jar:file:/Users/macbookpro/.m2/repository/com/jayway/jsonpath/json-path/2.5.0/json-path-2.5.0.jar!/, jar:file:/Users/macbookpro/.m2/repository/net/minidev/json-smart/2.4.7/json-smart-2.4.7.jar!/, jar:file:/Users/macbookpro/.m2/repository/net/minidev/accessors-smart/2.4.7/accessors-smart-2.4.7.jar!/, jar:file:/Users/macbookpro/.m2/repository/jakarta/xml/bind/jakarta.xml.bind-api/2.3.3/jakarta.xml.bind-api-2.3.3.jar!/, jar:file:/Users/macbookpro/.m2/repository/jakarta/activation/jakarta.activation-api/1.2.2/jakarta.activation-api-1.2.2.jar!/, jar:file:/Users/macbookpro/.m2/repository/org/assertj/assertj-core/3.19.0/assertj-core-3.19.0.jar!/, jar:file:/Users/macbookpro/.m2/repository/org/hamcrest/hamcrest/2.2/hamcrest-2.2.jar!/, jar:file:/Users/macbookpro/.m2/repository/org/junit/jupiter/junit-jupiter/5.7.2/junit-jupiter-5.7.2.jar!/, jar:file:/Users/macbookpro/.m2/repository/org/junit/jupiter/junit-jupiter-params/5.7.2/junit-jupiter-params-5.7.2.jar!/, jar:file:/Users/macbookpro/.m2/repository/org/junit/jupiter/junit-jupiter-engine/5.7.2/junit-jupiter-engine-5.7.2.jar!/, jar:file:/Users/macbookpro/.m2/repository/org/mockito/mockito-junit-jupiter/3.9.0/mockito-junit-jupiter-3.9.0.jar!/, jar:file:/Users/macbookpro/.m2/repository/org/skyscreamer/jsonassert/1.5.0/jsonassert-1.5.0.jar!/, jar:file:/Users/macbookpro/.m2/repository/com/vaadin/external/google/android-json/0.0.20131108.vaadin1/android-json-0.0.20131108.vaadin1.jar!/, jar:file:/Users/macbookpro/.m2/repository/org/springframework/spring-core/5.3.8/spring-core-5.3.8.jar!/, jar:file:/Users/macbookpro/.m2/repository/org/springframework/spring-jcl/5.3.8/spring-jcl-5.3.8.jar!/, jar:file:/Users/macbookpro/.m2/repository/org/springframework/spring-test/5.3.8/spring-test-5.3.8.jar!/, jar:file:/Users/macbookpro/.m2/repository/org/xmlunit/xmlunit-core/2.8.2/xmlunit-core-2.8.2.jar!/, jar:file:/Users/macbookpro/.m2/repository/org/hamcrest/hamcrest-all/1.3/hamcrest-all-1.3.jar!/, jar:file:/Users/macbookpro/.m2/repository/org/mockito/mockito-core/3.9.0/mockito-core-3.9.0.jar!/, jar:file:/Users/macbookpro/.m2/repository/net/bytebuddy/byte-buddy/1.10.22/byte-buddy-1.10.22.jar!/, jar:file:/Users/macbookpro/.m2/repository/net/bytebuddy/byte-buddy-agent/1.10.22/byte-buddy-agent-1.10.22.jar!/, jar:file:/Users/macbookpro/.m2/repository/org/objenesis/objenesis/3.2/objenesis-3.2.jar!/, jar:file:/Users/macbookpro/.m2/repository/org/junit/jupiter/junit-jupiter-api/5.8.1/junit-jupiter-api-5.8.1.jar!/, jar:file:/Users/macbookpro/.m2/repository/org/opentest4j/opentest4j/1.2.0/opentest4j-1.2.0.jar!/, jar:file:/Users/macbookpro/.m2/repository/org/junit/platform/junit-platform-commons/1.7.2/junit-platform-commons-1.7.2.jar!/, jar:file:/Users/macbookpro/.m2/repository/org/apiguardian/apiguardian-api/1.1.2/apiguardian-api-1.1.2.jar!/, jar:file:/Users/macbookpro/.m2/repository/com/h2database/h2/1.4.200/h2-1.4.200.jar!/, jar:file:/Users/macbookpro/.m2/repository/org/springframework/boot/spring-boot-starter-validation/2.5.2/spring-boot-starter-validation-2.5.2.jar!/, jar:file:/Users/macbookpro/.m2/repository/org/apache/tomcat/embed/tomcat-embed-el/9.0.48/tomcat-embed-el-9.0.48.jar!/, jar:file:/Users/macbookpro/.m2/repository/org/hibernate/validator/hibernate-validator/6.2.0.Final/hibernate-validator-6.2.0.Final.jar!/, jar:file:/Users/macbookpro/.m2/repository/jakarta/validation/jakarta.validation-api/2.0.2/jakarta.validation-api-2.0.2.jar!/, jar:file:/Users/macbookpro/.m2/repository/commons-lang/commons-lang/2.5/commons-lang-2.5.jar!/]
03:16:31.897 [main] DEBUG com.tngtech.archunit.core.importer.JavaClassProcessor - Analyzing class 'sn/ept/git/seminaire/cicd/utils/SizeMapping'
03:16:31.942 [main] DEBUG com.tngtech.archunit.core.importer.JavaClassProcessor - Analyzing class 'sn/ept/git/seminaire/cicd/services/impl/TagServiceImpl'
03:16:31.964 [main] DEBUG com.tngtech.archunit.core.importer.JavaClassProcessor - Analyzing class 'sn/ept/git/seminaire/cicd/utils/SizeMapping$Phone'
03:16:31.966 [main] DEBUG com.tngtech.archunit.core.importer.JavaClassProcessor - Analyzing class 'sn/ept/git/seminaire/cicd/utils/UrlMapping'
03:16:31.968 [main] DEBUG com.tngtech.archunit.core.importer.JavaClassProcessor - Analyzing class 'sn/ept/git/seminaire/cicd/demo/ICalculator'
03:16:31.970 [main] DEBUG com.tngtech.archunit.core.importer.JavaClassProcessor - Analyzing class 'sn/ept/git/seminaire/cicd/demo/CurrencyConverter'
03:16:31.973 [main] DEBUG com.tngtech.archunit.core.importer.JavaClassProcessor - Analyzing class 'sn/ept/git/seminaire/cicd/services/generic/GenericService'
03:16:31.974 [main] DEBUG com.tngtech.archunit.core.importer.JavaClassProcessor - Analyzing class 'sn/ept/git/seminaire/cicd/mappers/vm/TodoVMMapper'
03:16:31.983 [main] DEBUG com.tngtech.archunit.core.importer.JavaClassProcessor - Analyzing class 'sn/ept/git/seminaire/cicd/models/Todo$TodoBuilder'
03:16:31.987 [main] DEBUG com.tngtech.archunit.core.importer.JavaClassProcessor - Analyzing class 'sn/ept/git/seminaire/cicd/repositories/TagRepository'
03:16:31.989 [main] DEBUG com.tngtech.archunit.core.importer.JavaClassProcessor - Analyzing class 'sn/ept/git/seminaire/cicd/dto/base/TagBaseDTO'
03:16:31.994 [main] DEBUG com.tngtech.archunit.core.importer.JavaClassProcessor - Analyzing class 'sn/ept/git/seminaire/cicd/resources/TagResource'
03:16:32.001 [main] DEBUG com.tngtech.archunit.core.importer.JavaClassProcessor - Analyzing class 'sn/ept/git/seminaire/cicd/dto/base/TodoBaseDTO'
03:16:32.005 [main] DEBUG com.tngtech.archunit.core.importer.JavaClassProcessor - Analyzing class 'sn/ept/git/seminaire/cicd/models/Tag'
03:16:32.010 [main] DEBUG com.tngtech.archunit.core.importer.JavaClassProcessor - Analyzing class 'sn/ept/git/seminaire/cicd/demo/exception/BadPhoneException'
03:16:32.012 [main] DEBUG com.tngtech.archunit.core.importer.JavaClassProcessor - Analyzing class 'sn/ept/git/seminaire/cicd/dto/base/TodoBaseDTO$TodoBaseDTOBuilder'
03:16:32.015 [main] DEBUG com.tngtech.archunit.core.importer.JavaClassProcessor - Analyzing class 'sn/ept/git/seminaire/cicd/dto/base/BaseDTO'
03:16:32.020 [main] DEBUG com.tngtech.archunit.core.importer.JavaClassProcessor - Analyzing class 'sn/ept/git/seminaire/cicd/models/Tag_'
03:16:32.023 [main] DEBUG com.tngtech.archunit.core.importer.JavaClassProcessor - Analyzing class 'sn/ept/git/seminaire/cicd/dto/vm/TodoVM$TodoVMBuilderImpl'
03:16:32.026 [main] DEBUG com.tngtech.archunit.core.importer.JavaClassProcessor - Analyzing class 'sn/ept/git/seminaire/cicd/utils/SizeMapping$Email'
03:16:32.028 [main] DEBUG com.tngtech.archunit.core.importer.JavaClassProcessor - Analyzing class 'sn/ept/git/seminaire/cicd/utils/UrlMapping$Todo'
03:16:32.030 [main] DEBUG com.tngtech.archunit.core.importer.JavaClassProcessor - Analyzing class 'sn/ept/git/seminaire/cicd/dto/base/TagBaseDTO$TagBaseDTOBuilderImpl'
03:16:32.031 [main] DEBUG com.tngtech.archunit.core.importer.JavaClassProcessor - Analyzing class 'sn/ept/git/seminaire/cicd/utils/SizeMapping$Location'
03:16:32.033 [main] DEBUG com.tngtech.archunit.core.importer.JavaClassProcessor - Analyzing class 'sn/ept/git/seminaire/cicd/utils/SizeMapping$Hash'
03:16:32.034 [main] DEBUG com.tngtech.archunit.core.importer.JavaClassProcessor - Analyzing class 'sn/ept/git/seminaire/cicd/exceptions/InvalidException'
03:16:32.036 [main] DEBUG com.tngtech.archunit.core.importer.JavaClassProcessor - Analyzing class 'sn/ept/git/seminaire/cicd/models/Tag$TagBuilderImpl'
03:16:32.039 [main] DEBUG com.tngtech.archunit.core.importer.JavaClassProcessor - Analyzing class 'sn/ept/git/seminaire/cicd/dto/base/TagBaseDTO$TagBaseDTOBuilder'
03:16:32.041 [main] DEBUG com.tngtech.archunit.core.importer.JavaClassProcessor - Analyzing class 'sn/ept/git/seminaire/cicd/demo/MyFileReader'
03:16:32.042 [main] DEBUG com.tngtech.archunit.core.importer.JavaClassProcessor - Analyzing class 'sn/ept/git/seminaire/cicd/dto/vm/TagVM$TagVMBuilder'
03:16:32.045 [main] DEBUG com.tngtech.archunit.core.importer.JavaClassProcessor - Analyzing class 'sn/ept/git/seminaire/cicd/dto/vm/TagVM$TagVMBuilderImpl'
03:16:32.046 [main] DEBUG com.tngtech.archunit.core.importer.JavaClassProcessor - Analyzing class 'sn/ept/git/seminaire/cicd/dto/vm/TodoVM'
03:16:32.049 [main] DEBUG com.tngtech.archunit.core.importer.JavaClassProcessor - Analyzing class 'sn/ept/git/seminaire/cicd/utils/ResponseUtil'
03:16:32.051 [main] DEBUG com.tngtech.archunit.core.importer.JavaClassProcessor - Analyzing class 'sn/ept/git/seminaire/cicd/dto/TagDTO$TagDTOBuilder'
03:16:32.054 [main] DEBUG com.tngtech.archunit.core.importer.JavaClassProcessor - Analyzing class 'sn/ept/git/seminaire/cicd/utils/UrlMapping$Tag'
03:16:32.056 [main] DEBUG com.tngtech.archunit.core.importer.JavaClassProcessor - Analyzing class 'sn/ept/git/seminaire/cicd/utils/SizeMapping$Comment'
03:16:32.057 [main] DEBUG com.tngtech.archunit.core.importer.JavaClassProcessor - Analyzing class 'sn/ept/git/seminaire/cicd/dto/base/BaseDTO$BaseDTOBuilderImpl'
03:16:32.059 [main] DEBUG com.tngtech.archunit.core.importer.JavaClassProcessor - Analyzing class 'sn/ept/git/seminaire/cicd/dto/base/BaseDTO$BaseDTOBuilder'
03:16:32.062 [main] DEBUG com.tngtech.archunit.core.importer.JavaClassProcessor - Analyzing class 'sn/ept/git/seminaire/cicd/utils/SizeMapping$Description'
03:16:32.064 [main] DEBUG com.tngtech.archunit.core.importer.JavaClassProcessor - Analyzing class 'sn/ept/git/seminaire/cicd/dto/TagDTO'
03:16:32.067 [main] DEBUG com.tngtech.archunit.core.importer.JavaClassProcessor - Analyzing class 'sn/ept/git/seminaire/cicd/utils/SizeMapping$Name'
03:16:32.069 [main] DEBUG com.tngtech.archunit.core.importer.JavaClassProcessor - Analyzing class 'sn/ept/git/seminaire/cicd/utils/TestUtil'
03:16:32.075 [main] DEBUG com.tngtech.archunit.core.importer.JavaClassProcessor - Analyzing class 'sn/ept/git/seminaire/cicd/demo/CurrencyService'
03:16:32.077 [main] DEBUG com.tngtech.archunit.core.importer.JavaClassProcessor - Analyzing class 'sn/ept/git/seminaire/cicd/dto/TagDTO$TagDTOBuilderImpl'
03:16:32.079 [main] DEBUG com.tngtech.archunit.core.importer.JavaClassProcessor - Analyzing class 'sn/ept/git/seminaire/cicd/demo/Currency'
03:16:32.080 [main] DEBUG com.tngtech.archunit.core.importer.JavaClassProcessor - Analyzing class 'sn/ept/git/seminaire/cicd/services/ITagService'
03:16:32.082 [main] DEBUG com.tngtech.archunit.core.importer.JavaClassProcessor - Analyzing class 'sn/ept/git/seminaire/cicd/resources/TodoResource'
03:16:32.085 [main] DEBUG com.tngtech.archunit.core.importer.JavaClassProcessor - Analyzing class 'sn/ept/git/seminaire/cicd/models/BaseEntity_'
03:16:32.086 [main] DEBUG com.tngtech.archunit.core.importer.JavaClassProcessor - Analyzing class 'sn/ept/git/seminaire/cicd/mappers/TodoMapper'
03:16:32.088 [main] DEBUG com.tngtech.archunit.core.importer.JavaClassProcessor - Analyzing class 'sn/ept/git/seminaire/cicd/dto/base/TodoBaseDTO$TodoBaseDTOBuilderImpl'
03:16:32.090 [main] DEBUG com.tngtech.archunit.core.importer.JavaClassProcessor - Analyzing class 'sn/ept/git/seminaire/cicd/demo/Validator'
03:16:32.092 [main] DEBUG com.tngtech.archunit.core.importer.JavaClassProcessor - Analyzing class 'sn/ept/git/seminaire/cicd/models/Todo'
03:16:32.101 [main] DEBUG com.tngtech.archunit.core.importer.JavaClassProcessor - Analyzing class 'sn/ept/git/seminaire/cicd/utils/SizeMapping$Title'
03:16:32.102 [main] DEBUG com.tngtech.archunit.core.importer.JavaClassProcessor - Analyzing class 'sn/ept/git/seminaire/cicd/dto/TodoDTO$TodoDTOBuilderImpl'
03:16:32.104 [main] DEBUG com.tngtech.archunit.core.importer.JavaClassProcessor - Analyzing class 'sn/ept/git/seminaire/cicd/dto/TodoDTO'
03:16:32.107 [main] DEBUG com.tngtech.archunit.core.importer.JavaClassProcessor - Analyzing class 'sn/ept/git/seminaire/cicd/utils/ExceptionUtils'
03:16:32.109 [main] DEBUG com.tngtech.archunit.core.importer.JavaClassProcessor - Analyzing class 'sn/ept/git/seminaire/cicd/demo/exception/DivisionByZeroException'
03:16:32.111 [main] DEBUG com.tngtech.archunit.core.importer.JavaClassProcessor - Analyzing class 'sn/ept/git/seminaire/cicd/mappers/TagMapperImpl'
03:16:32.112 [main] DEBUG com.tngtech.archunit.core.importer.JavaClassProcessor - Analyzing class 'sn/ept/git/seminaire/cicd/mappers/vm/TagVMMapper'
03:16:32.114 [main] DEBUG com.tngtech.archunit.core.importer.JavaClassProcessor - Analyzing class 'sn/ept/git/seminaire/cicd/exceptions/handler/RestResponseEntityExceptionHandler'
03:16:32.117 [main] DEBUG com.tngtech.archunit.core.importer.JavaClassProcessor - Analyzing class 'sn/ept/git/seminaire/cicd/mappers/vm/TagVMMapperImpl'
03:16:32.119 [main] DEBUG com.tngtech.archunit.core.importer.JavaClassProcessor - Analyzing class 'sn/ept/git/seminaire/cicd/mappers/vm/TodoVMMapperImpl'
03:16:32.122 [main] DEBUG com.tngtech.archunit.core.importer.JavaClassProcessor - Analyzing class 'sn/ept/git/seminaire/cicd/models/BaseEntity$BaseEntityBuilder'
03:16:32.124 [main] DEBUG com.tngtech.archunit.core.importer.JavaClassProcessor - Analyzing class 'sn/ept/git/seminaire/cicd/TodoApplication'
03:16:32.127 [main] DEBUG com.tngtech.archunit.core.importer.JavaClassProcessor - Analyzing class 'sn/ept/git/seminaire/cicd/exceptions/message/ErrorMessage'
03:16:32.130 [main] DEBUG com.tngtech.archunit.core.importer.JavaClassProcessor - Analyzing class 'sn/ept/git/seminaire/cicd/utils/Utils'
03:16:32.132 [main] DEBUG com.tngtech.archunit.core.importer.JavaClassProcessor - Analyzing class 'sn/ept/git/seminaire/cicd/exceptions/message/ErrorMessage$ErrorMessageBuilderImpl'
03:16:32.134 [main] DEBUG com.tngtech.archunit.core.importer.JavaClassProcessor - Analyzing class 'sn/ept/git/seminaire/cicd/models/Todo_'
03:16:32.135 [main] DEBUG com.tngtech.archunit.core.importer.JavaClassProcessor - Analyzing class 'sn/ept/git/seminaire/cicd/models/Tag$TagBuilder'
03:16:32.138 [main] DEBUG com.tngtech.archunit.core.importer.JavaClassProcessor - Analyzing class 'sn/ept/git/seminaire/cicd/dto/vm/TodoVM$TodoVMBuilder'
03:16:32.140 [main] DEBUG com.tngtech.archunit.core.importer.JavaClassProcessor - Analyzing class 'sn/ept/git/seminaire/cicd/exceptions/ForbiddenException'
03:16:32.142 [main] DEBUG com.tngtech.archunit.core.importer.JavaClassProcessor - Analyzing class 'sn/ept/git/seminaire/cicd/mappers/TagMapper'
03:16:32.143 [main] DEBUG com.tngtech.archunit.core.importer.JavaClassProcessor - Analyzing class 'sn/ept/git/seminaire/cicd/models/BaseEntity'
03:16:32.147 [main] DEBUG com.tngtech.archunit.core.importer.JavaClassProcessor - Analyzing class 'sn/ept/git/seminaire/cicd/dto/vm/TagVM'
03:16:32.149 [main] DEBUG com.tngtech.archunit.core.importer.JavaClassProcessor - Analyzing class 'sn/ept/git/seminaire/cicd/exceptions/message/ErrorMessage$ErrorMessageBuilder'
03:16:32.151 [main] DEBUG com.tngtech.archunit.core.importer.JavaClassProcessor - Analyzing class 'sn/ept/git/seminaire/cicd/mappers/TodoMapperImpl'
03:16:32.154 [main] DEBUG com.tngtech.archunit.core.importer.JavaClassProcessor - Analyzing class 'sn/ept/git/seminaire/cicd/mappers/generic/GenericMapper'
03:16:32.155 [main] DEBUG com.tngtech.archunit.core.importer.JavaClassProcessor - Analyzing class 'sn/ept/git/seminaire/cicd/repositories/TodoRepository'
03:16:32.158 [main] DEBUG com.tngtech.archunit.core.importer.JavaClassProcessor - Analyzing class 'sn/ept/git/seminaire/cicd/demo/Calculator'
03:16:32.160 [main] DEBUG com.tngtech.archunit.core.importer.JavaClassProcessor - Analyzing class 'sn/ept/git/seminaire/cicd/resources/DefaultResource'
03:16:32.161 [main] DEBUG com.tngtech.archunit.core.importer.JavaClassProcessor - Analyzing class 'sn/ept/git/seminaire/cicd/exceptions/ItemNotFoundException'
03:16:32.164 [main] DEBUG com.tngtech.archunit.core.importer.JavaClassProcessor - Analyzing class 'sn/ept/git/seminaire/cicd/dto/TodoDTO$TodoDTOBuilder'
03:16:32.167 [main] DEBUG com.tngtech.archunit.core.importer.JavaClassProcessor - Analyzing class 'sn/ept/git/seminaire/cicd/utils/SizeMapping$Adresse'
03:16:32.169 [main] DEBUG com.tngtech.archunit.core.importer.JavaClassProcessor - Analyzing class 'sn/ept/git/seminaire/cicd/models/Todo$TodoBuilderImpl'
03:16:32.171 [main] DEBUG com.tngtech.archunit.core.importer.JavaClassProcessor - Analyzing class 'sn/ept/git/seminaire/cicd/utils/UrlMapping$Default'
03:16:32.173 [main] DEBUG com.tngtech.archunit.core.importer.JavaClassProcessor - Analyzing class 'sn/ept/git/seminaire/cicd/services/ITodoService'
03:16:32.174 [main] DEBUG com.tngtech.archunit.core.importer.JavaClassProcessor - Analyzing class 'sn/ept/git/seminaire/cicd/exceptions/ItemExistsException'
03:16:32.176 [main] DEBUG com.tngtech.archunit.core.importer.JavaClassProcessor - Analyzing class 'sn/ept/git/seminaire/cicd/services/impl/TodoServiceImpl'
03:16:32.186 [main] DEBUG com.tngtech.archunit.core.importer.JavaClassProcessor - Analyzing class 'org/springframework/http/HttpStatus'
03:16:32.191 [main] DEBUG com.tngtech.archunit.core.importer.JavaClassProcessor - Analyzing class 'com/fasterxml/jackson/databind/SerializationFeature'
03:16:32.195 [main] DEBUG com.tngtech.archunit.core.importer.JavaClassProcessor - Analyzing class 'com/fasterxml/jackson/annotation/JsonInclude$Include'
03:16:32.198 [main] DEBUG com.tngtech.archunit.core.importer.JavaClassProcessor - Analyzing class 'java/security/SecureRandom'
03:16:32.201 [main] DEBUG com.tngtech.archunit.core.importer.JavaClassProcessor - Analyzing class 'java/nio/file/Paths'
03:16:32.202 [main] DEBUG com.tngtech.archunit.core.importer.JavaClassProcessor - Analyzing class 'java/nio/file/Files'
03:16:32.211 [main] DEBUG com.tngtech.archunit.core.importer.JavaClassProcessor - Analyzing class 'java/lang/Integer'
03:16:32.218 [main] DEBUG com.tngtech.archunit.core.importer.JavaClassProcessor - Analyzing class 'org/springframework/web/util/UriComponents'
03:16:32.220 [main] DEBUG com.tngtech.archunit.core.importer.JavaClassProcessor - Analyzing class 'java/util/Iterator'
03:16:32.221 [main] DEBUG com.tngtech.archunit.core.importer.JavaClassProcessor - Analyzing class 'java/lang/Object'
03:16:32.223 [main] DEBUG com.tngtech.archunit.core.importer.JavaClassProcessor - Analyzing class 'org/springframework/http/ResponseEntity'
03:16:32.225 [main] DEBUG com.tngtech.archunit.core.importer.JavaClassProcessor - Analyzing class 'java/util/stream/Stream'
03:16:32.233 [main] DEBUG com.tngtech.archunit.core.importer.JavaClassProcessor - Analyzing class 'java/util/regex/Matcher'
03:16:32.242 [main] DEBUG com.tngtech.archunit.core.importer.JavaClassProcessor - Analyzing class 'org/springframework/http/ResponseEntity$BodyBuilder'
03:16:32.245 [main] DEBUG com.tngtech.archunit.core.importer.JavaClassProcessor - Analyzing class 'org/springframework/web/context/request/WebRequest'
03:16:32.250 [main] DEBUG com.tngtech.archunit.core.importer.JavaClassProcessor - Analyzing class 'org/springframework/web/server/ResponseStatusException'
03:16:32.252 [main] DEBUG com.tngtech.archunit.core.importer.JavaClassProcessor - Analyzing class 'java/util/Optional'
03:16:32.253 [main] DEBUG com.tngtech.archunit.core.importer.JavaClassProcessor - Analyzing class 'java/util/stream/Collectors'
03:16:32.262 [main] DEBUG com.tngtech.archunit.core.importer.JavaClassProcessor - Analyzing class 'org/springframework/web/servlet/support/ServletUriComponentsBuilder'
03:16:32.265 [main] DEBUG com.tngtech.archunit.core.importer.JavaClassProcessor - Analyzing class 'java/lang/Byte'
03:16:32.266 [main] DEBUG com.tngtech.archunit.core.importer.JavaClassProcessor - Analyzing class 'java/util/Objects'
03:16:32.268 [main] DEBUG com.tngtech.archunit.core.importer.JavaClassProcessor - Analyzing class 'java/util/Set'
03:16:32.270 [main] DEBUG com.tngtech.archunit.core.importer.JavaClassProcessor - Analyzing class 'java/lang/String'
03:16:32.274 [main] DEBUG com.tngtech.archunit.core.importer.JavaClassProcessor - Analyzing class 'java/util/UUID'
03:16:32.278 [main] DEBUG com.tngtech.archunit.core.importer.JavaClassProcessor - Analyzing class 'com/fasterxml/jackson/databind/ObjectMapper'
03:16:32.291 [main] DEBUG com.tngtech.archunit.core.importer.JavaClassProcessor - Analyzing class 'org/springframework/data/domain/Page'
03:16:32.293 [main] DEBUG com.tngtech.archunit.core.importer.JavaClassProcessor - Analyzing class 'java/util/List'
03:16:32.295 [main] DEBUG com.tngtech.archunit.core.importer.JavaClassProcessor - Analyzing class 'java/time/Instant'
03:16:32.300 [main] DEBUG com.tngtech.archunit.core.importer.JavaClassProcessor - Analyzing class 'org/springframework/web/util/UriComponentsBuilder'
03:16:32.304 [main] DEBUG com.tngtech.archunit.core.importer.JavaClassProcessor - Analyzing class 'java/lang/Exception'
03:16:32.306 [main] DEBUG com.tngtech.archunit.core.importer.JavaClassProcessor - Analyzing class 'java/lang/Math'
03:16:32.312 [main] DEBUG com.tngtech.archunit.core.importer.JavaClassProcessor - Analyzing class 'org/springframework/http/ResponseEntity$HeadersBuilder'
03:16:32.314 [main] DEBUG com.tngtech.archunit.core.importer.JavaClassProcessor - Analyzing class 'java/lang/Enum'
03:16:32.316 [main] DEBUG com.tngtech.archunit.core.importer.JavaClassProcessor - Analyzing class 'java/util/regex/Pattern'
03:16:32.324 [main] DEBUG com.tngtech.archunit.core.importer.JavaClassProcessor - Analyzing class 'org/springframework/boot/SpringApplication'
03:16:32.330 [main] DEBUG com.tngtech.archunit.core.importer.JavaClassProcessor - Analyzing class 'java/lang/RuntimeException'
03:16:32.331 [main] DEBUG com.tngtech.archunit.core.importer.JavaClassProcessor - Analyzing class 'java/util/Date'
03:16:32.334 [main] DEBUG com.tngtech.archunit.core.importer.JavaClassProcessor - Analyzing class 'java/util/HashSet'
03:16:32.336 [main] DEBUG com.tngtech.archunit.core.importer.JavaClassProcessor - Analyzing class 'com/fasterxml/jackson/datatype/jsr310/JavaTimeModule'
03:16:32.339 [main] DEBUG com.tngtech.archunit.core.importer.JavaClassProcessor - Analyzing class 'org/springframework/web/servlet/mvc/method/annotation/ResponseEntityExceptionHandler'
03:16:32.343 [main] DEBUG com.tngtech.archunit.core.importer.JavaClassProcessor - Analyzing class 'java/lang/Number'
03:16:32.344 [main] DEBUG com.tngtech.archunit.core.importer.JavaClassProcessor - Analyzing class 'java/util/Random'
03:16:32.346 [main] DEBUG com.tngtech.archunit.core.importer.JavaClassProcessor - Analyzing class 'java/lang/Throwable'
03:16:32.349 [main] DEBUG com.tngtech.archunit.core.importer.JavaClassProcessor - Analyzing class 'org/springframework/core/NestedRuntimeException'
03:16:32.352 [main] DEBUG com.tngtech.archunit.core.importer.JavaClassProcessor - Analyzing class 'com/fasterxml/jackson/databind/module/SimpleModule'
03:16:32.356 [main] DEBUG com.tngtech.archunit.core.importer.JavaClassProcessor - Analyzing class 'com/fasterxml/jackson/databind/Module'
03:16:32.357 [main] DEBUG com.tngtech.archunit.core.importer.JavaClassProcessor - Analyzing class 'java/util/AbstractSet'
03:16:32.358 [main] DEBUG com.tngtech.archunit.core.importer.JavaClassProcessor - Analyzing class 'java/util/AbstractCollection'
03:16:32.361 [main] DEBUG com.tngtech.archunit.core.importer.JavaClassProcessor - Analyzing class 'com/fasterxml/jackson/core/ObjectCodec'
03:16:32.363 [main] DEBUG com.tngtech.archunit.core.importer.JavaClassProcessor - Analyzing class 'com/fasterxml/jackson/core/TreeCodec'
03:16:32.365 [main] DEBUG com.tngtech.archunit.core.importer.JavaClassProcessor - Analyzing class 'org/springframework/http/HttpEntity'
03:16:32.366 [main] DEBUG com.tngtech.archunit.core.importer.JavaClassProcessor - Analyzing class 'java/io/Serializable'
03:16:32.368 [main] DEBUG com.tngtech.archunit.core.importer.JavaClassProcessor - Analyzing class 'com/fasterxml/jackson/core/Versioned'
03:16:32.369 [main] DEBUG com.tngtech.archunit.core.importer.JavaClassProcessor - Analyzing class 'org/springframework/web/util/UriBuilder'
03:16:32.371 [main] DEBUG com.tngtech.archunit.core.importer.JavaClassProcessor - Analyzing class 'java/lang/Cloneable'
03:16:32.371 [main] DEBUG com.tngtech.archunit.core.importer.JavaClassProcessor - Analyzing class 'java/lang/Comparable'
03:16:32.373 [main] DEBUG com.tngtech.archunit.core.importer.JavaClassProcessor - Analyzing class 'org/springframework/web/context/request/RequestAttributes'
03:16:32.374 [main] DEBUG com.tngtech.archunit.core.importer.JavaClassProcessor - Analyzing class 'java/util/Collection'
03:16:32.375 [main] DEBUG com.tngtech.archunit.core.importer.JavaClassProcessor - Analyzing class 'java/lang/Iterable'
03:16:32.376 [main] DEBUG com.tngtech.archunit.core.importer.JavaClassProcessor - Analyzing class 'java/util/regex/MatchResult'
03:16:32.378 [main] DEBUG com.tngtech.archunit.core.importer.JavaClassProcessor - Analyzing class 'org/springframework/data/jpa/repository/JpaRepository'
03:16:32.380 [main] DEBUG com.tngtech.archunit.core.importer.JavaClassProcessor - Analyzing class 'org/springframework/data/repository/PagingAndSortingRepository'
03:16:32.382 [main] DEBUG com.tngtech.archunit.core.importer.JavaClassProcessor - Analyzing class 'org/springframework/data/repository/CrudRepository'
03:16:32.384 [main] DEBUG com.tngtech.archunit.core.importer.JavaClassProcessor - Analyzing class 'org/springframework/data/repository/Repository'
03:16:32.386 [main] DEBUG com.tngtech.archunit.core.importer.JavaClassProcessor - Analyzing class 'org/springframework/data/repository/query/QueryByExampleExecutor'
03:16:32.387 [main] DEBUG com.tngtech.archunit.core.importer.JavaClassProcessor - Analyzing class 'java/lang/CharSequence'
03:16:32.389 [main] DEBUG com.tngtech.archunit.core.importer.JavaClassProcessor - Analyzing class 'org/springframework/data/domain/Slice'
03:16:32.391 [main] DEBUG com.tngtech.archunit.core.importer.JavaClassProcessor - Analyzing class 'org/springframework/data/util/Streamable'
03:16:32.393 [main] DEBUG com.tngtech.archunit.core.importer.JavaClassProcessor - Analyzing class 'java/util/function/Supplier'
03:16:32.394 [main] DEBUG com.tngtech.archunit.core.importer.JavaClassProcessor - Analyzing class 'java/time/temporal/Temporal'
03:16:32.395 [main] DEBUG com.tngtech.archunit.core.importer.JavaClassProcessor - Analyzing class 'java/time/temporal/TemporalAccessor'
03:16:32.396 [main] DEBUG com.tngtech.archunit.core.importer.JavaClassProcessor - Analyzing class 'java/time/temporal/TemporalAdjuster'
03:16:32.396 [main] DEBUG com.tngtech.archunit.core.importer.JavaClassProcessor - Analyzing class 'java/util/stream/BaseStream'
03:16:32.397 [main] DEBUG com.tngtech.archunit.core.importer.JavaClassProcessor - Analyzing class 'java/lang/AutoCloseable'
03:16:32.398 [main] DEBUG com.tngtech.archunit.core.importer.JavaClassProcessor - Analyzing class 'com/fasterxml/jackson/databind/cfg/ConfigFeature'
03:16:32.456 [main] DEBUG com.tngtech.archunit.core.importer.JavaClassProcessor - Analyzing class 'java/io/IOException'
03:16:32.461 [main] DEBUG com.tngtech.archunit.core.importer.JavaClassProcessor - Analyzing class 'org/springframework/data/domain/Pageable'
03:16:32.472 [main] DEBUG com.tngtech.archunit.core.importer.JavaClassProcessor - Analyzing class 'javax/persistence/metamodel/SingularAttribute'
03:16:32.474 [main] DEBUG com.tngtech.archunit.core.importer.JavaClassProcessor - Analyzing class 'javax/persistence/metamodel/SetAttribute'
03:16:32.481 [main] DEBUG com.tngtech.archunit.core.importer.JavaClassProcessor - Analyzing class 'org/springframework/http/HttpHeaders'
03:16:32.488 [main] DEBUG com.tngtech.archunit.core.importer.JavaClassProcessor - Analyzing class 'com/fasterxml/jackson/core/Version'
03:16:32.490 [main] DEBUG com.tngtech.archunit.core.importer.JavaClassProcessor - Analyzing class 'com/fasterxml/jackson/databind/Module$SetupContext'
03:16:32.493 [main] DEBUG com.tngtech.archunit.core.importer.JavaClassProcessor - Analyzing class 'org/springframework/web/util/UriComponentsBuilder$CompositePathComponentBuilder'
03:16:32.495 [main] DEBUG com.tngtech.archunit.core.importer.JavaClassProcessor - Analyzing class 'java/util/Map'
03:16:32.498 [main] DEBUG com.tngtech.archunit.core.importer.JavaClassProcessor - Analyzing class 'org/springframework/util/MultiValueMap'
03:16:32.499 [main] DEBUG com.tngtech.archunit.core.importer.JavaClassProcessor - Analyzing class 'java/nio/charset/Charset'
03:16:32.503 [main] DEBUG com.tngtech.archunit.core.importer.JavaClassProcessor - Analyzing class 'org/springframework/web/util/UriComponentsBuilder$EncodingHint'
03:16:32.505 [main] DEBUG com.tngtech.archunit.core.importer.JavaClassProcessor - Analyzing class 'org/springframework/http/HttpRequest'
03:16:32.506 [main] DEBUG com.tngtech.archunit.core.importer.JavaClassProcessor - Analyzing class 'java/lang/IllegalArgumentException'
03:16:32.507 [main] DEBUG com.tngtech.archunit.core.importer.JavaClassProcessor - Analyzing class 'java/net/URI'
03:16:32.513 [main] DEBUG com.tngtech.archunit.core.importer.JavaClassProcessor - Analyzing class 'java/net/InetSocketAddress'
03:16:32.515 [main] DEBUG com.tngtech.archunit.core.importer.JavaClassProcessor - Analyzing class 'sun/util/calendar/BaseCalendar$Date'
03:16:32.517 [main] DEBUG com.tngtech.archunit.core.importer.JavaClassProcessor - Analyzing class 'sun/util/calendar/BaseCalendar'
03:16:32.520 [main] DEBUG com.tngtech.archunit.core.importer.JavaClassProcessor - Analyzing class 'java/io/ObjectOutputStream'
03:16:32.523 [main] DEBUG com.tngtech.archunit.core.importer.JavaClassProcessor - Analyzing class 'java/io/ObjectInputStream'
03:16:32.528 [main] DEBUG com.tngtech.archunit.core.importer.JavaClassProcessor - Analyzing class 'java/lang/ClassNotFoundException'
03:16:32.529 [main] DEBUG com.tngtech.archunit.core.importer.JavaClassProcessor - Analyzing class 'java/lang/StringBuilder'
03:16:32.532 [main] DEBUG com.tngtech.archunit.core.importer.JavaClassProcessor - Analyzing class 'java/security/Principal'
03:16:32.533 [main] DEBUG com.tngtech.archunit.core.importer.JavaClassProcessor - Analyzing class 'java/util/Locale'
03:16:32.538 [main] DEBUG com.tngtech.archunit.core.importer.JavaClassProcessor - Analyzing class 'java/util/concurrent/atomic/AtomicLong'
03:16:32.540 [main] DEBUG com.tngtech.archunit.core.importer.JavaClassProcessor - Analyzing class 'jdk/internal/misc/Unsafe'
03:16:32.550 [main] DEBUG com.tngtech.archunit.core.importer.JavaClassProcessor - Analyzing class 'java/util/stream/DoubleStream'
03:16:32.552 [main] DEBUG com.tngtech.archunit.core.importer.JavaClassProcessor - Analyzing class 'java/util/stream/LongStream'
03:16:32.554 [main] DEBUG com.tngtech.archunit.core.importer.JavaClassProcessor - Analyzing class 'java/util/stream/IntStream'
03:16:32.557 [main] DEBUG com.tngtech.archunit.core.importer.JavaClassProcessor - Analyzing class 'java/lang/Class'
03:16:32.562 [main] DEBUG com.tngtech.archunit.core.importer.JavaClassProcessor - Analyzing class 'java/lang/NumberFormatException'
03:16:32.566 [main] DEBUG com.tngtech.archunit.core.importer.JavaClassProcessor - Analyzing class 'sun/security/util/Debug'
03:16:32.568 [main] DEBUG com.tngtech.archunit.core.importer.JavaClassProcessor - Analyzing class 'java/security/SecureRandomSpi'
03:16:32.569 [main] DEBUG com.tngtech.archunit.core.importer.JavaClassProcessor - Analyzing class 'java/security/MessageDigest'
03:16:32.570 [main] DEBUG com.tngtech.archunit.core.importer.JavaClassProcessor - Analyzing class 'java/security/Provider'
03:16:32.573 [main] DEBUG com.tngtech.archunit.core.importer.JavaClassProcessor - Analyzing class 'java/security/NoSuchAlgorithmException'
03:16:32.574 [main] DEBUG com.tngtech.archunit.core.importer.JavaClassProcessor - Analyzing class 'java/security/SecureRandomParameters'
03:16:32.574 [main] DEBUG com.tngtech.archunit.core.importer.JavaClassProcessor - Analyzing class 'java/security/NoSuchProviderException'
03:16:32.575 [main] DEBUG com.tngtech.archunit.core.importer.JavaClassProcessor - Analyzing class 'org/springframework/core/io/ResourceLoader'
03:16:32.576 [main] DEBUG com.tngtech.archunit.core.importer.JavaClassProcessor - Analyzing class 'org/springframework/beans/factory/support/BeanNameGenerator'
03:16:32.577 [main] DEBUG com.tngtech.archunit.core.importer.JavaClassProcessor - Analyzing class 'org/springframework/boot/ApplicationContextFactory'
03:16:32.578 [main] DEBUG com.tngtech.archunit.core.importer.JavaClassProcessor - Analyzing class 'org/springframework/boot/Banner'
03:16:32.579 [main] DEBUG com.tngtech.archunit.core.importer.JavaClassProcessor - Analyzing class 'org/apache/commons/logging/Log'
03:16:32.580 [main] DEBUG com.tngtech.archunit.core.importer.JavaClassProcessor - Analyzing class 'org/springframework/boot/Banner$Mode'
03:16:32.582 [main] DEBUG com.tngtech.archunit.core.importer.JavaClassProcessor - Analyzing class 'org/springframework/core/metrics/ApplicationStartup'
03:16:32.583 [main] DEBUG com.tngtech.archunit.core.importer.JavaClassProcessor - Analyzing class 'org/springframework/boot/SpringApplicationShutdownHook'
03:16:32.585 [main] DEBUG com.tngtech.archunit.core.importer.JavaClassProcessor - Analyzing class 'org/springframework/boot/WebApplicationType'
03:16:32.586 [main] DEBUG com.tngtech.archunit.core.importer.JavaClassProcessor - Analyzing class 'org/springframework/core/env/ConfigurableEnvironment'
03:16:32.588 [main] DEBUG com.tngtech.archunit.core.importer.JavaClassProcessor - Analyzing class 'java/lang/ClassLoader'
03:16:32.594 [main] DEBUG com.tngtech.archunit.core.importer.JavaClassProcessor - Analyzing class 'org/springframework/boot/DefaultBootstrapContext'
03:16:32.596 [main] DEBUG com.tngtech.archunit.core.importer.JavaClassProcessor - Analyzing class 'org/springframework/context/ConfigurableApplicationContext'
03:16:32.598 [main] DEBUG com.tngtech.archunit.core.importer.JavaClassProcessor - Analyzing class 'org/springframework/boot/SpringApplicationRunListeners'
03:16:32.600 [main] DEBUG com.tngtech.archunit.core.importer.JavaClassProcessor - Analyzing class 'org/springframework/boot/ApplicationArguments'
03:16:32.602 [main] DEBUG com.tngtech.archunit.core.importer.JavaClassProcessor - Analyzing class 'org/springframework/context/ApplicationContext'
03:16:32.603 [main] DEBUG com.tngtech.archunit.core.importer.JavaClassProcessor - Analyzing class 'org/springframework/boot/BeanDefinitionLoader'
03:16:32.605 [main] DEBUG com.tngtech.archunit.core.importer.JavaClassProcessor - Analyzing class 'org/springframework/beans/factory/support/BeanDefinitionRegistry'
03:16:32.607 [main] DEBUG com.tngtech.archunit.core.importer.JavaClassProcessor - Analyzing class 'org/springframework/boot/BootstrapRegistryInitializer'
03:16:32.611 [main] DEBUG com.tngtech.archunit.core.importer.JavaClassProcessor - Analyzing class 'org/springframework/boot/SpringApplicationShutdownHandlers'
03:16:32.613 [main] DEBUG com.tngtech.archunit.core.importer.JavaClassProcessor - Analyzing class 'org/springframework/boot/SpringBootExceptionHandler'
03:16:32.614 [main] DEBUG com.tngtech.archunit.core.importer.JavaClassProcessor - Analyzing class 'org/springframework/boot/Bootstrapper'
03:16:32.615 [main] DEBUG com.tngtech.archunit.core.importer.JavaClassProcessor - Analyzing class 'org/springframework/boot/ApplicationRunner'
03:16:32.616 [main] DEBUG com.tngtech.archunit.core.importer.JavaClassProcessor - Analyzing class 'java/lang/Thread'
03:16:32.620 [main] DEBUG com.tngtech.archunit.core.importer.JavaClassProcessor - Analyzing class 'java/util/Properties'
03:16:32.624 [main] DEBUG com.tngtech.archunit.core.importer.JavaClassProcessor - Analyzing class 'org/springframework/boot/CommandLineRunner'
03:16:32.628 [main] DEBUG com.tngtech.archunit.core.importer.JavaClassProcessor - Analyzing class 'com/fasterxml/jackson/databind/module/SimpleSerializers'
03:16:32.630 [main] DEBUG com.tngtech.archunit.core.importer.JavaClassProcessor - Analyzing class 'com/fasterxml/jackson/databind/module/SimpleKeyDeserializers'
03:16:32.634 [main] DEBUG com.tngtech.archunit.core.importer.JavaClassProcessor - Analyzing class 'com/fasterxml/jackson/databind/module/SimpleDeserializers'
03:16:32.637 [main] DEBUG com.tngtech.archunit.core.importer.JavaClassProcessor - Analyzing class 'com/fasterxml/jackson/databind/deser/BeanDeserializerModifier'
03:16:32.639 [main] DEBUG com.tngtech.archunit.core.importer.JavaClassProcessor - Analyzing class 'com/fasterxml/jackson/databind/module/SimpleValueInstantiators'
03:16:32.640 [main] DEBUG com.tngtech.archunit.core.importer.JavaClassProcessor - Analyzing class 'java/util/HashMap'
03:16:32.644 [main] DEBUG com.tngtech.archunit.core.importer.JavaClassProcessor - Analyzing class 'java/util/LinkedHashSet'
03:16:32.646 [main] DEBUG com.tngtech.archunit.core.importer.JavaClassProcessor - Analyzing class 'com/fasterxml/jackson/databind/PropertyNamingStrategy'
03:16:32.648 [main] DEBUG com.tngtech.archunit.core.importer.JavaClassProcessor - Analyzing class 'com/fasterxml/jackson/databind/ser/BeanSerializerModifier'
03:16:32.650 [main] DEBUG com.tngtech.archunit.core.importer.JavaClassProcessor - Analyzing class 'com/fasterxml/jackson/databind/module/SimpleAbstractTypeResolver'
03:16:32.651 [main] DEBUG com.tngtech.archunit.core.importer.JavaClassProcessor - Analyzing class 'com/fasterxml/jackson/databind/JsonSerializer'
03:16:32.653 [main] DEBUG com.tngtech.archunit.core.importer.JavaClassProcessor - Analyzing class 'com/fasterxml/jackson/databind/KeyDeserializer'
03:16:32.655 [main] DEBUG com.tngtech.archunit.core.importer.JavaClassProcessor - Analyzing class 'com/fasterxml/jackson/databind/deser/ValueInstantiator'
03:16:32.657 [main] DEBUG com.tngtech.archunit.core.importer.JavaClassProcessor - Analyzing class 'com/fasterxml/jackson/databind/JsonDeserializer'
03:16:32.660 [main] DEBUG com.tngtech.archunit.core.importer.JavaClassProcessor - Analyzing class 'java/lang/StringBuffer'
03:16:32.664 [main] DEBUG com.tngtech.archunit.core.importer.JavaClassProcessor - Analyzing class 'java/util/function/Function'
03:16:32.665 [main] DEBUG com.tngtech.archunit.core.importer.JavaClassProcessor - Analyzing class 'java/io/ObjectStreamException'
03:16:32.667 [main] DEBUG com.tngtech.archunit.core.importer.JavaClassProcessor - Analyzing class 'java/lang/CloneNotSupportedException'
03:16:32.670 [main] DEBUG com.tngtech.archunit.core.importer.JavaClassProcessor - Analyzing class 'com/fasterxml/jackson/databind/introspect/AnnotatedMethod'
03:16:32.674 [main] DEBUG com.tngtech.archunit.core.importer.JavaClassProcessor - Analyzing class 'com/fasterxml/jackson/databind/introspect/AnnotatedClass'
03:16:32.679 [main] DEBUG com.tngtech.archunit.core.importer.JavaClassProcessor - Analyzing class 'java/lang/Runnable'
03:16:32.682 [main] DEBUG com.tngtech.archunit.core.importer.JavaClassProcessor - Analyzing class 'org/springframework/data/domain/Sort'
03:16:32.684 [main] DEBUG com.tngtech.archunit.core.importer.JavaClassProcessor - Analyzing class 'java/util/Spliterator$OfInt'
03:16:32.685 [main] DEBUG com.tngtech.archunit.core.importer.JavaClassProcessor - Analyzing class 'java/util/function/IntFunction'
03:16:32.686 [main] DEBUG com.tngtech.archunit.core.importer.JavaClassProcessor - Analyzing class 'java/util/function/Predicate'
03:16:32.687 [main] DEBUG com.tngtech.archunit.core.importer.JavaClassProcessor - Analyzing class 'java/util/Spliterator'
03:16:32.688 [main] DEBUG com.tngtech.archunit.core.importer.JavaClassProcessor - Analyzing class 'jdk/internal/misc/JavaLangAccess'
03:16:32.692 [main] DEBUG com.tngtech.archunit.core.importer.JavaClassProcessor - Analyzing class 'java/time/temporal/TemporalQuery'
03:16:32.693 [main] DEBUG com.tngtech.archunit.core.importer.JavaClassProcessor - Analyzing class 'java/time/temporal/TemporalField'
03:16:32.694 [main] DEBUG com.tngtech.archunit.core.importer.JavaClassProcessor - Analyzing class 'java/time/temporal/TemporalAmount'
03:16:32.695 [main] DEBUG com.tngtech.archunit.core.importer.JavaClassProcessor - Analyzing class 'java/time/ZonedDateTime'
03:16:32.698 [main] DEBUG com.tngtech.archunit.core.importer.JavaClassProcessor - Analyzing class 'java/time/ZoneId'
03:16:32.699 [main] DEBUG com.tngtech.archunit.core.importer.JavaClassProcessor - Analyzing class 'java/io/DataInput'
03:16:32.700 [main] DEBUG com.tngtech.archunit.core.importer.JavaClassProcessor - Analyzing class 'java/time/temporal/TemporalUnit'
03:16:32.701 [main] DEBUG com.tngtech.archunit.core.importer.JavaClassProcessor - Analyzing class 'java/io/InvalidObjectException'
03:16:32.702 [main] DEBUG com.tngtech.archunit.core.importer.JavaClassProcessor - Analyzing class 'java/time/Clock'
03:16:32.703 [main] DEBUG com.tngtech.archunit.core.importer.JavaClassProcessor - Analyzing class 'java/time/OffsetDateTime'
03:16:32.706 [main] DEBUG com.tngtech.archunit.core.importer.JavaClassProcessor - Analyzing class 'java/time/ZoneOffset'
03:16:32.708 [main] DEBUG com.tngtech.archunit.core.importer.JavaClassProcessor - Analyzing class 'java/time/temporal/ValueRange'
03:16:32.711 [main] DEBUG com.tngtech.archunit.core.importer.JavaClassProcessor - Analyzing class 'java/io/DataOutput'
03:16:32.712 [main] DEBUG com.tngtech.archunit.core.importer.JavaClassProcessor - Analyzing class 'java/util/stream/Collector'
03:16:32.713 [main] DEBUG com.tngtech.archunit.core.importer.JavaClassProcessor - Analyzing class 'java/util/function/BinaryOperator'
03:16:32.714 [main] DEBUG com.tngtech.archunit.core.importer.JavaClassProcessor - Analyzing class 'java/lang/IllegalStateException'
03:16:32.714 [main] DEBUG com.tngtech.archunit.core.importer.JavaClassProcessor - Analyzing class 'java/lang/Double'
03:16:32.716 [main] DEBUG com.tngtech.archunit.core.importer.JavaClassProcessor - Analyzing class 'java/util/DoubleSummaryStatistics'
03:16:32.717 [main] DEBUG com.tngtech.archunit.core.importer.JavaClassProcessor - Analyzing class 'java/util/function/ToDoubleFunction'
03:16:32.717 [main] DEBUG com.tngtech.archunit.core.importer.JavaClassProcessor - Analyzing class 'java/util/function/BiConsumer'
03:16:32.718 [main] DEBUG com.tngtech.archunit.core.importer.JavaClassProcessor - Analyzing class 'java/util/stream/Collectors$1OptionalBox'
03:16:32.718 [main] DEBUG com.tngtech.archunit.core.importer.JavaClassProcessor - Analyzing class 'java/util/function/ToLongFunction'
03:16:32.719 [main] DEBUG com.tngtech.archunit.core.importer.JavaClassProcessor - Analyzing class 'java/util/function/ToIntFunction'
03:16:32.721 [main] DEBUG com.tngtech.archunit.core.importer.JavaClassProcessor - Analyzing class 'java/util/LongSummaryStatistics'
03:16:32.722 [main] DEBUG com.tngtech.archunit.core.importer.JavaClassProcessor - Analyzing class 'java/lang/Long'
03:16:32.725 [main] DEBUG com.tngtech.archunit.core.importer.JavaClassProcessor - Analyzing class 'java/util/concurrent/ConcurrentMap'
03:16:32.726 [main] DEBUG com.tngtech.archunit.core.importer.JavaClassProcessor - Analyzing class 'java/util/Comparator'
03:16:32.728 [main] DEBUG com.tngtech.archunit.core.importer.JavaClassProcessor - Analyzing class 'java/util/StringJoiner'
03:16:32.729 [main] DEBUG com.tngtech.archunit.core.importer.JavaClassProcessor - Analyzing class 'java/util/IntSummaryStatistics'
03:16:32.731 [main] DEBUG com.tngtech.archunit.core.importer.JavaClassProcessor - Analyzing class 'java/util/stream/Collectors$Partition'
03:16:32.734 [main] DEBUG com.tngtech.archunit.core.importer.JavaClassProcessor - Analyzing class 'java/util/ListIterator'
03:16:32.735 [main] DEBUG com.tngtech.archunit.core.importer.JavaClassProcessor - Analyzing class 'java/util/function/UnaryOperator'
03:16:32.736 [main] DEBUG com.tngtech.archunit.core.importer.JavaClassProcessor - Analyzing class 'java/util/function/Consumer'
03:16:32.737 [main] DEBUG com.tngtech.archunit.core.importer.JavaClassProcessor - Analyzing class 'java/util/stream/Stream$Builder'
03:16:32.738 [main] DEBUG com.tngtech.archunit.core.importer.JavaClassProcessor - Analyzing class 'java/util/function/BiFunction'
03:16:32.742 [main] DEBUG com.tngtech.archunit.core.importer.JavaClassProcessor - Analyzing class 'org/springframework/http/CacheControl'
03:16:32.744 [main] DEBUG com.tngtech.archunit.core.importer.JavaClassProcessor - Analyzing class 'java/util/regex/Pattern$Node'
03:16:32.745 [main] DEBUG com.tngtech.archunit.core.importer.JavaClassProcessor - Analyzing class 'java/util/regex/Pattern$CharPredicate'
03:16:32.746 [main] DEBUG com.tngtech.archunit.core.importer.JavaClassProcessor - Analyzing class 'java/util/regex/Pattern$CharProperty'
03:16:32.747 [main] DEBUG com.tngtech.archunit.core.importer.JavaClassProcessor - Analyzing class 'java/util/regex/Pattern$BmpCharPredicate'
03:16:32.748 [main] DEBUG com.tngtech.archunit.core.importer.JavaClassProcessor - Analyzing class 'java/util/regex/Pattern$BitClass'
03:16:32.749 [main] DEBUG com.tngtech.archunit.core.importer.JavaClassProcessor - Analyzing class 'java/util/regex/PatternSyntaxException'
03:16:32.752 [main] DEBUG com.tngtech.archunit.core.importer.JavaClassProcessor - Analyzing class 'org/springframework/data/domain/Example'
03:16:32.754 [main] DEBUG com.tngtech.archunit.core.importer.JavaClassProcessor - Analyzing class 'java/io/PrintWriter'
03:16:32.756 [main] DEBUG com.tngtech.archunit.core.importer.JavaClassProcessor - Analyzing class 'java/io/PrintStream'
03:16:32.757 [main] DEBUG com.tngtech.archunit.core.importer.JavaClassProcessor - Analyzing class 'java/lang/Throwable$PrintStreamOrWriter'
03:16:32.759 [main] DEBUG com.tngtech.archunit.core.importer.JavaClassProcessor - Analyzing class 'com/fasterxml/jackson/core/JsonParser'
03:16:32.761 [main] DEBUG com.tngtech.archunit.core.importer.JavaClassProcessor - Analyzing class 'com/fasterxml/jackson/core/TreeNode'
03:16:32.762 [main] DEBUG com.tngtech.archunit.core.importer.JavaClassProcessor - Analyzing class 'com/fasterxml/jackson/core/type/ResolvedType'
03:16:32.764 [main] DEBUG com.tngtech.archunit.core.importer.JavaClassProcessor - Analyzing class 'com/fasterxml/jackson/core/JsonFactory'
03:16:32.768 [main] DEBUG com.tngtech.archunit.core.importer.JavaClassProcessor - Analyzing class 'com/fasterxml/jackson/core/type/TypeReference'
03:16:32.769 [main] DEBUG com.tngtech.archunit.core.importer.JavaClassProcessor - Analyzing class 'com/fasterxml/jackson/core/JsonGenerator'
03:16:32.774 [main] DEBUG com.tngtech.archunit.core.importer.JavaClassProcessor - Analyzing class 'com/fasterxml/jackson/core/JsonProcessingException'
03:16:32.775 [main] DEBUG com.tngtech.archunit.core.importer.JavaClassProcessor - Analyzing class 'org/springframework/http/MediaType'
03:16:32.779 [main] DEBUG com.tngtech.archunit.core.importer.JavaClassProcessor - Analyzing class 'java/lang/Void'
03:16:32.780 [main] DEBUG com.tngtech.archunit.core.importer.JavaClassProcessor - Analyzing class 'java/lang/AbstractStringBuilder'
03:16:32.784 [main] DEBUG com.tngtech.archunit.core.importer.JavaClassProcessor - Analyzing class 'java/io/UnsupportedEncodingException'
03:16:32.787 [main] DEBUG com.tngtech.archunit.core.importer.JavaClassProcessor - Analyzing class 'javax/servlet/http/HttpServletRequest'
03:16:32.789 [main] DEBUG com.tngtech.archunit.core.importer.JavaClassProcessor - Analyzing class 'java/nio/file/Path'
03:16:32.790 [main] DEBUG com.tngtech.archunit.core.importer.JavaClassProcessor - Analyzing class 'java/nio/file/FileTreeWalker$Event'
03:16:32.793 [main] DEBUG com.tngtech.archunit.core.importer.JavaClassProcessor - Analyzing class 'java/io/BufferedReader'
03:16:32.795 [main] DEBUG com.tngtech.archunit.core.importer.JavaClassProcessor - Analyzing class 'java/nio/file/spi/FileSystemProvider'
03:16:32.797 [main] DEBUG com.tngtech.archunit.core.importer.JavaClassProcessor - Analyzing class 'java/nio/file/attribute/FileTime'
03:16:32.798 [main] DEBUG com.tngtech.archunit.core.importer.JavaClassProcessor - Analyzing class 'java/nio/channels/SeekableByteChannel'
03:16:32.800 [main] DEBUG com.tngtech.archunit.core.importer.JavaClassProcessor - Analyzing class 'java/nio/file/DirectoryStream'
03:16:32.801 [main] DEBUG com.tngtech.archunit.core.importer.JavaClassProcessor - Analyzing class 'java/nio/file/attribute/BasicFileAttributes'
03:16:32.801 [main] DEBUG com.tngtech.archunit.core.importer.JavaClassProcessor - Analyzing class 'java/io/OutputStream'
03:16:32.801 [main] DEBUG com.tngtech.archunit.core.importer.JavaClassProcessor - Analyzing class 'java/util/function/BiPredicate'
03:16:32.802 [main] DEBUG com.tngtech.archunit.core.importer.JavaClassProcessor - Analyzing class 'java/nio/file/FileVisitor'
03:16:32.803 [main] DEBUG com.tngtech.archunit.core.importer.JavaClassProcessor - Analyzing class 'java/nio/file/attribute/FileAttributeView'
03:16:32.803 [main] DEBUG com.tngtech.archunit.core.importer.JavaClassProcessor - Analyzing class 'java/nio/channels/FileChannel'
03:16:32.804 [main] DEBUG com.tngtech.archunit.core.importer.JavaClassProcessor - Analyzing class 'java/io/BufferedWriter'
03:16:32.805 [main] DEBUG com.tngtech.archunit.core.importer.JavaClassProcessor - Analyzing class 'java/io/InputStream'
03:16:32.806 [main] DEBUG com.tngtech.archunit.core.importer.JavaClassProcessor - Analyzing class 'java/nio/file/DirectoryStream$Filter'
03:16:32.806 [main] DEBUG com.tngtech.archunit.core.importer.JavaClassProcessor - Analyzing class 'java/io/Closeable'
03:16:32.807 [main] DEBUG com.tngtech.archunit.core.importer.JavaClassProcessor - Analyzing class 'java/nio/file/FileStore'
03:16:32.808 [main] DEBUG com.tngtech.archunit.core.importer.JavaClassProcessor - Analyzing class 'java/nio/file/attribute/UserPrincipal'
03:16:32.810 [main] DEBUG com.tngtech.archunit.core.importer.JavaClassProcessor - Analyzing class 'com/fasterxml/jackson/databind/AnnotationIntrospector'
03:16:32.813 [main] DEBUG com.tngtech.archunit.core.importer.JavaClassProcessor - Analyzing class 'java/util/concurrent/ConcurrentHashMap'
03:16:32.819 [main] DEBUG com.tngtech.archunit.core.importer.JavaClassProcessor - Analyzing class 'com/fasterxml/jackson/databind/InjectableValues'
03:16:32.820 [main] DEBUG com.tngtech.archunit.core.importer.JavaClassProcessor - Analyzing class 'com/fasterxml/jackson/databind/cfg/CoercionConfigs'
03:16:32.822 [main] DEBUG com.tngtech.archunit.core.importer.JavaClassProcessor - Analyzing class 'com/fasterxml/jackson/databind/introspect/SimpleMixInResolver'
03:16:32.824 [main] DEBUG com.tngtech.archunit.core.importer.JavaClassProcessor - Analyzing class 'com/fasterxml/jackson/databind/ser/SerializerFactory'
03:16:32.825 [main] DEBUG com.tngtech.archunit.core.importer.JavaClassProcessor - Analyzing class 'com/fasterxml/jackson/databind/cfg/BaseSettings'
03:16:32.828 [main] DEBUG com.tngtech.archunit.core.importer.JavaClassProcessor - Analyzing class 'com/fasterxml/jackson/databind/type/TypeFactory'
03:16:32.832 [main] DEBUG com.tngtech.archunit.core.importer.JavaClassProcessor - Analyzing class 'com/fasterxml/jackson/databind/SerializationConfig'
03:16:32.836 [main] DEBUG com.tngtech.archunit.core.importer.JavaClassProcessor - Analyzing class 'com/fasterxml/jackson/databind/jsontype/SubtypeResolver'
03:16:32.869 [main] DEBUG com.tngtech.archunit.core.importer.JavaClassProcessor - Analyzing class 'com/fasterxml/jackson/databind/ser/DefaultSerializerProvider'
03:16:32.871 [main] DEBUG com.tngtech.archunit.core.importer.JavaClassProcessor - Analyzing class 'com/fasterxml/jackson/databind/cfg/ConfigOverrides'
03:16:32.874 [main] DEBUG com.tngtech.archunit.core.importer.JavaClassProcessor - Analyzing class 'com/fasterxml/jackson/databind/DeserializationConfig'
03:16:32.878 [main] DEBUG com.tngtech.archunit.core.importer.JavaClassProcessor - Analyzing class 'com/fasterxml/jackson/databind/deser/DefaultDeserializationContext'
03:16:32.881 [main] DEBUG com.tngtech.archunit.core.importer.JavaClassProcessor - Analyzing class 'com/fasterxml/jackson/databind/JsonNode'
03:16:32.884 [main] DEBUG com.tngtech.archunit.core.importer.JavaClassProcessor - Analyzing class 'com/fasterxml/jackson/databind/JavaType'
03:16:32.887 [main] DEBUG com.tngtech.archunit.core.importer.JavaClassProcessor - Analyzing class 'com/fasterxml/jackson/databind/ObjectReader'
03:16:32.894 [main] DEBUG com.tngtech.archunit.core.importer.JavaClassProcessor - Analyzing class 'com/fasterxml/jackson/databind/DeserializationContext'
03:16:32.899 [main] DEBUG com.tngtech.archunit.core.importer.JavaClassProcessor - Analyzing class 'com/fasterxml/jackson/databind/JsonMappingException'
03:16:32.906 [main] DEBUG com.tngtech.archunit.core.importer.JavaClassProcessor - Analyzing class 'com/fasterxml/jackson/databind/ObjectWriter'
03:16:32.910 [main] DEBUG com.tngtech.archunit.core.importer.JavaClassProcessor - Analyzing class 'com/fasterxml/jackson/databind/DeserializationFeature'
03:16:32.911 [main] DEBUG com.tngtech.archunit.core.importer.JavaClassProcessor - Analyzing class 'java/lang/Boolean'
03:16:32.912 [main] DEBUG com.tngtech.archunit.core.importer.JavaClassProcessor - Analyzing class 'com/fasterxml/jackson/databind/jsontype/PolymorphicTypeValidator'
03:16:32.913 [main] DEBUG com.tngtech.archunit.core.importer.JavaClassProcessor - Analyzing class 'com/fasterxml/jackson/databind/ObjectMapper$DefaultTyping'
03:16:32.914 [main] DEBUG com.tngtech.archunit.core.importer.JavaClassProcessor - Analyzing class 'java/io/File'
03:16:32.916 [main] DEBUG com.tngtech.archunit.core.importer.JavaClassProcessor - Analyzing class 'com/fasterxml/jackson/core/JsonParseException'
03:16:32.917 [main] DEBUG com.tngtech.archunit.core.importer.JavaClassProcessor - Analyzing class 'com/fasterxml/jackson/databind/MappingIterator'
03:16:32.918 [main] DEBUG com.tngtech.archunit.core.importer.JavaClassProcessor - Analyzing class 'java/io/Reader'
03:16:32.920 [main] DEBUG com.tngtech.archunit.core.importer.JavaClassProcessor - Analyzing class 'com/fasterxml/jackson/databind/cfg/ContextAttributes'
03:16:32.921 [main] DEBUG com.tngtech.archunit.core.importer.JavaClassProcessor - Analyzing class 'com/fasterxml/jackson/core/PrettyPrinter'
03:16:32.922 [main] DEBUG com.tngtech.archunit.core.importer.JavaClassProcessor - Analyzing class 'java/text/DateFormat'
03:16:32.924 [main] DEBUG com.tngtech.archunit.core.importer.JavaClassProcessor - Analyzing class 'com/fasterxml/jackson/databind/node/JsonNodeFactory'
03:16:32.927 [main] DEBUG com.tngtech.archunit.core.importer.JavaClassProcessor - Analyzing class 'com/fasterxml/jackson/annotation/JsonInclude$Value'
03:16:32.931 [main] DEBUG com.tngtech.archunit.core.importer.JavaClassProcessor - Analyzing class 'com/fasterxml/jackson/annotation/JsonAutoDetect$Value'
03:16:32.933 [main] DEBUG com.tngtech.archunit.core.importer.JavaClassProcessor - Analyzing class 'com/fasterxml/jackson/core/JsonGenerationException'
03:16:32.934 [main] DEBUG com.tngtech.archunit.core.importer.JavaClassProcessor - Analyzing class 'com/fasterxml/jackson/databind/cfg/HandlerInstantiator'
03:16:32.939 [main] DEBUG com.tngtech.archunit.core.importer.JavaClassProcessor - Analyzing class 'com/fasterxml/jackson/core/JsonToken'
03:16:32.941 [main] DEBUG com.tngtech.archunit.core.importer.JavaClassProcessor - Analyzing class 'com/fasterxml/jackson/core/Base64Variant'
03:16:32.944 [main] DEBUG com.tngtech.archunit.core.importer.JavaClassProcessor - Analyzing class 'com/fasterxml/jackson/core/JsonParser$Feature'
03:16:32.946 [main] DEBUG com.tngtech.archunit.core.importer.JavaClassProcessor - Analyzing class 'com/fasterxml/jackson/databind/introspect/ClassIntrospector'
03:16:32.947 [main] DEBUG com.tngtech.archunit.core.importer.JavaClassProcessor - Analyzing class 'java/net/URL'
03:16:32.950 [main] DEBUG com.tngtech.archunit.core.importer.JavaClassProcessor - Analyzing class 'com/fasterxml/jackson/core/FormatSchema'
03:16:32.951 [main] DEBUG com.tngtech.archunit.core.importer.JavaClassProcessor - Analyzing class 'com/fasterxml/jackson/databind/introspect/AccessorNamingStrategy$Provider'
03:16:32.952 [main] DEBUG com.tngtech.archunit.core.importer.JavaClassProcessor - Analyzing class 'java/io/Writer'
03:16:32.953 [main] DEBUG com.tngtech.archunit.core.importer.JavaClassProcessor - Analyzing class 'com/fasterxml/jackson/core/StreamReadFeature'
03:16:32.954 [main] DEBUG com.tngtech.archunit.core.importer.JavaClassProcessor - Analyzing class 'com/fasterxml/jackson/databind/jsontype/TypeResolverBuilder'
03:16:32.955 [main] DEBUG com.tngtech.archunit.core.importer.JavaClassProcessor - Analyzing class 'com/fasterxml/jackson/annotation/JsonSetter$Value'
03:16:32.956 [main] DEBUG com.tngtech.archunit.core.importer.JavaClassProcessor - Analyzing class 'java/util/concurrent/atomic/AtomicReference'
03:16:32.958 [main] DEBUG com.tngtech.archunit.core.importer.JavaClassProcessor - Analyzing class 'com/fasterxml/jackson/databind/cfg/ConstructorDetector'
03:16:32.960 [main] DEBUG com.tngtech.archunit.core.importer.JavaClassProcessor - Analyzing class 'com/fasterxml/jackson/databind/deser/DeserializationProblemHandler'
03:16:32.962 [main] DEBUG com.tngtech.archunit.core.importer.JavaClassProcessor - Analyzing class 'com/fasterxml/jackson/databind/introspect/VisibilityChecker'
03:16:32.963 [main] DEBUG com.tngtech.archunit.core.importer.JavaClassProcessor - Analyzing class 'com/fasterxml/jackson/databind/cfg/MutableCoercionConfig'
03:16:32.966 [main] DEBUG com.tngtech.archunit.core.importer.JavaClassProcessor - Analyzing class 'com/fasterxml/jackson/core/JsonGenerator$Feature'
03:16:32.968 [main] DEBUG com.tngtech.archunit.core.importer.JavaClassProcessor - Analyzing class 'com/fasterxml/jackson/annotation/JsonTypeInfo$As'
03:16:32.970 [main] DEBUG com.tngtech.archunit.core.importer.JavaClassProcessor - Analyzing class 'com/fasterxml/jackson/databind/ser/FilterProvider'
03:16:32.972 [main] DEBUG com.tngtech.archunit.core.importer.JavaClassProcessor - Analyzing class 'com/fasterxml/jackson/core/io/CharacterEscapes'
03:16:32.973 [main] DEBUG com.tngtech.archunit.core.importer.JavaClassProcessor - Analyzing class 'com/fasterxml/jackson/databind/introspect/ClassIntrospector$MixInResolver'
03:16:32.974 [main] DEBUG com.tngtech.archunit.core.importer.JavaClassProcessor - Analyzing class 'com/fasterxml/jackson/core/JsonFactory$Feature'
03:16:32.976 [main] DEBUG com.tngtech.archunit.core.importer.JavaClassProcessor - Analyzing class 'com/fasterxml/jackson/databind/SerializerProvider'
03:16:32.980 [main] DEBUG com.tngtech.archunit.core.importer.JavaClassProcessor - Analyzing class 'com/fasterxml/jackson/databind/jsonFormatVisitors/JsonFormatVisitorWrapper'
03:16:32.982 [main] DEBUG com.tngtech.archunit.core.importer.JavaClassProcessor - Analyzing class 'com/fasterxml/jackson/databind/MapperFeature'
03:16:32.984 [main] DEBUG com.tngtech.archunit.core.importer.JavaClassProcessor - Analyzing class 'com/fasterxml/jackson/databind/type/LogicalType'
03:16:32.986 [main] DEBUG com.tngtech.archunit.core.importer.JavaClassProcessor - Analyzing class 'com/fasterxml/jackson/annotation/PropertyAccessor'
03:16:32.987 [main] DEBUG com.tngtech.archunit.core.importer.JavaClassProcessor - Analyzing class 'com/fasterxml/jackson/annotation/JsonAutoDetect$Visibility'
03:16:32.989 [main] DEBUG com.tngtech.archunit.core.importer.JavaClassProcessor - Analyzing class 'com/fasterxml/jackson/databind/node/ObjectNode'
03:16:32.992 [main] DEBUG com.tngtech.archunit.core.importer.JavaClassProcessor - Analyzing class 'com/fasterxml/jackson/databind/cfg/MutableConfigOverride'
03:16:32.994 [main] DEBUG com.tngtech.archunit.core.importer.JavaClassProcessor - Analyzing class 'com/fasterxml/jackson/databind/node/ArrayNode'
03:16:32.997 [main] DEBUG com.tngtech.archunit.core.importer.JavaClassProcessor - Analyzing class 'com/fasterxml/jackson/core/JsonEncoding'
03:16:32.998 [main] DEBUG com.tngtech.archunit.core.importer.JavaClassProcessor - Analyzing class 'java/util/ServiceLoader'
03:16:33.001 [main] DEBUG com.tngtech.archunit.core.importer.JavaClassProcessor - Analyzing class 'java/util/TimeZone'
03:16:33.004 [main] DEBUG com.tngtech.archunit.core.importer.JavaClassProcessor - Analyzing class 'com/fasterxml/jackson/databind/jsonschema/JsonSchema'
03:16:33.005 [main] DEBUG com.tngtech.archunit.core.importer.JavaClassProcessor - Analyzing class 'com/fasterxml/jackson/core/StreamWriteFeature'
03:16:33.006 [main] DEBUG com.tngtech.archunit.core.importer.JavaClassProcessor - Analyzing class 'java/lang/reflect/Type'
03:16:33.010 [main] DEBUG com.tngtech.archunit.core.importer.JavaClassProcessor - Analyzing class 'org/springframework/http/HttpStatus$Series'
03:16:33.012 [main] DEBUG com.tngtech.archunit.core.importer.JavaClassProcessor - Analyzing class 'org/springframework/web/HttpMediaTypeNotSupportedException'
03:16:33.013 [main] DEBUG com.tngtech.archunit.core.importer.JavaClassProcessor - Analyzing class 'org/springframework/web/bind/MissingPathVariableException'
03:16:33.014 [main] DEBUG com.tngtech.archunit.core.importer.JavaClassProcessor - Analyzing class 'org/springframework/validation/BindException'
03:16:33.016 [main] DEBUG com.tngtech.archunit.core.importer.JavaClassProcessor - Analyzing class 'org/springframework/web/HttpMediaTypeNotAcceptableException'
03:16:33.017 [main] DEBUG com.tngtech.archunit.core.importer.JavaClassProcessor - Analyzing class 'org/springframework/beans/ConversionNotSupportedException'
03:16:33.018 [main] DEBUG com.tngtech.archunit.core.importer.JavaClassProcessor - Analyzing class 'org/springframework/http/converter/HttpMessageNotReadableException'
03:16:33.019 [main] DEBUG com.tngtech.archunit.core.importer.JavaClassProcessor - Analyzing class 'org/springframework/web/servlet/NoHandlerFoundException'
03:16:33.020 [main] DEBUG com.tngtech.archunit.core.importer.JavaClassProcessor - Analyzing class 'org/springframework/web/bind/ServletRequestBindingException'
03:16:33.021 [main] DEBUG com.tngtech.archunit.core.importer.JavaClassProcessor - Analyzing class 'org/springframework/http/converter/HttpMessageNotWritableException'
03:16:33.022 [main] DEBUG com.tngtech.archunit.core.importer.JavaClassProcessor - Analyzing class 'org/springframework/web/bind/MethodArgumentNotValidException'
03:16:33.023 [main] DEBUG com.tngtech.archunit.core.importer.JavaClassProcessor - Analyzing class 'org/springframework/web/bind/MissingServletRequestParameterException'
03:16:33.024 [main] DEBUG com.tngtech.archunit.core.importer.JavaClassProcessor - Analyzing class 'org/springframework/web/HttpRequestMethodNotSupportedException'
03:16:33.025 [main] DEBUG com.tngtech.archunit.core.importer.JavaClassProcessor - Analyzing class 'org/springframework/beans/TypeMismatchException'
03:16:33.027 [main] DEBUG com.tngtech.archunit.core.importer.JavaClassProcessor - Analyzing class 'org/springframework/web/multipart/support/MissingServletRequestPartException'
03:16:33.028 [main] DEBUG com.tngtech.archunit.core.importer.JavaClassProcessor - Analyzing class 'org/springframework/web/context/request/async/AsyncRequestTimeoutException'
03:16:33.029 [main] DEBUG com.tngtech.archunit.core.importer.JavaClassProcessor - Analyzing class 'java/lang/InterruptedException'
03:16:33.031 [main] DEBUG com.tngtech.archunit.core.importer.JavaClassProcessor - Analyzing class 'org/springframework/http/ResponseEntity$1'
03:16:33.033 [main] DEBUG com.tngtech.archunit.core.importer.JavaClassProcessor - Analyzing class 'org/springframework/web/util/UriComponents$UriTemplateVariables'
03:16:33.037 [main] DEBUG com.tngtech.archunit.core.importer.JavaClassProcessor - Analyzing class 'org/springframework/web/bind/annotation/ResponseStatus'
03:16:33.045 [main] DEBUG com.tngtech.archunit.core.importer.JavaClassProcessor - Analyzing class 'lombok/Generated'
03:16:33.046 [main] DEBUG com.tngtech.archunit.core.importer.JavaClassProcessor - Analyzing class 'com/fasterxml/jackson/annotation/JsonProperty'
03:16:33.052 [main] DEBUG com.tngtech.archunit.core.importer.JavaClassProcessor - Analyzing class 'org/springframework/stereotype/Component'
03:16:33.054 [main] DEBUG com.tngtech.archunit.core.importer.JavaClassProcessor - Analyzing class 'javax/persistence/Entity'
03:16:33.056 [main] DEBUG com.tngtech.archunit.core.importer.JavaClassProcessor - Analyzing class 'javax/persistence/Table'
03:16:33.059 [main] DEBUG com.tngtech.archunit.core.importer.JavaClassProcessor - Analyzing class 'org/hibernate/annotations/Where'
03:16:33.060 [main] DEBUG com.tngtech.archunit.core.importer.JavaClassProcessor - Analyzing class 'org/hibernate/annotations/DynamicUpdate'
03:16:33.061 [main] DEBUG com.tngtech.archunit.core.importer.JavaClassProcessor - Analyzing class 'javax/validation/constraints/Size'
03:16:33.063 [main] DEBUG com.tngtech.archunit.core.importer.JavaClassProcessor - Analyzing class 'javax/validation/constraints/NotBlank'
03:16:33.064 [main] DEBUG com.tngtech.archunit.core.importer.JavaClassProcessor - Analyzing class 'javax/persistence/Column'
03:16:33.066 [main] DEBUG com.tngtech.archunit.core.importer.JavaClassProcessor - Analyzing class 'javax/persistence/ManyToMany'
03:16:33.067 [main] DEBUG com.tngtech.archunit.core.importer.JavaClassProcessor - Analyzing class 'javax/persistence/FetchType'
03:16:33.069 [main] DEBUG com.tngtech.archunit.core.importer.JavaClassProcessor - Analyzing class 'javax/persistence/CascadeType'
03:16:33.070 [main] DEBUG com.tngtech.archunit.core.importer.JavaClassProcessor - Analyzing class 'javax/persistence/JoinTable'
03:16:33.071 [main] DEBUG com.tngtech.archunit.core.importer.JavaClassProcessor - Analyzing class 'javax/persistence/JoinColumn'
03:16:33.074 [main] DEBUG com.tngtech.archunit.core.importer.JavaClassProcessor - Analyzing class 'org/springframework/data/jpa/repository/config/EnableJpaAuditing'
03:16:33.075 [main] DEBUG com.tngtech.archunit.core.importer.JavaClassProcessor - Analyzing class 'org/springframework/boot/autoconfigure/SpringBootApplication'
03:16:33.077 [main] DEBUG com.tngtech.archunit.core.importer.JavaClassProcessor - Analyzing class 'org/mapstruct/Mapper'
03:16:33.079 [main] DEBUG com.tngtech.archunit.core.importer.JavaClassProcessor - Analyzing class 'org/mapstruct/Mapping'
03:16:33.081 [main] DEBUG com.tngtech.archunit.core.importer.JavaClassProcessor - Analyzing class 'org/mapstruct/Named'
03:16:33.084 [main] DEBUG com.tngtech.archunit.core.importer.JavaClassProcessor - Analyzing class 'org/springframework/web/bind/annotation/RestControllerAdvice'
03:16:33.085 [main] DEBUG com.tngtech.archunit.core.importer.JavaClassProcessor - Analyzing class 'org/springframework/web/bind/annotation/ExceptionHandler'
03:16:33.088 [main] DEBUG com.tngtech.archunit.core.importer.JavaClassProcessor - Analyzing class 'org/springframework/web/bind/annotation/RestController'
03:16:33.090 [main] DEBUG com.tngtech.archunit.core.importer.JavaClassProcessor - Analyzing class 'org/springframework/web/bind/annotation/GetMapping'
03:16:33.092 [main] DEBUG com.tngtech.archunit.core.importer.JavaClassProcessor - Analyzing class 'org/springframework/web/bind/annotation/PostMapping'
03:16:33.093 [main] DEBUG com.tngtech.archunit.core.importer.JavaClassProcessor - Analyzing class 'org/springframework/web/bind/annotation/PutMapping'
03:16:33.094 [main] DEBUG com.tngtech.archunit.core.importer.JavaClassProcessor - Analyzing class 'org/springframework/web/bind/annotation/DeleteMapping'
03:16:33.098 [main] DEBUG com.tngtech.archunit.core.importer.JavaClassProcessor - Analyzing class 'org/springframework/stereotype/Service'
03:16:33.099 [main] DEBUG com.tngtech.archunit.core.importer.JavaClassProcessor - Analyzing class 'org/springframework/transaction/annotation/Transactional'
03:16:33.100 [main] DEBUG com.tngtech.archunit.core.importer.JavaClassProcessor - Analyzing class 'org/springframework/transaction/annotation/Propagation'
03:16:33.102 [main] DEBUG com.tngtech.archunit.core.importer.JavaClassProcessor - Analyzing class 'org/springframework/stereotype/Repository'
03:16:33.103 [main] DEBUG com.tngtech.archunit.core.importer.JavaClassProcessor - Analyzing class 'org/springframework/data/jpa/repository/Query'
03:16:33.104 [main] DEBUG com.tngtech.archunit.core.importer.JavaClassProcessor - Analyzing class 'javax/persistence/metamodel/StaticMetamodel'
03:16:33.105 [main] DEBUG com.tngtech.archunit.core.importer.JavaClassProcessor - Analyzing class 'org/springframework/validation/annotation/Validated'
03:16:33.107 [main] DEBUG com.tngtech.archunit.core.importer.JavaClassProcessor - Analyzing class 'javax/persistence/MappedSuperclass'
03:16:33.108 [main] DEBUG com.tngtech.archunit.core.importer.JavaClassProcessor - Analyzing class 'javax/persistence/EntityListeners'
03:16:33.110 [main] DEBUG com.tngtech.archunit.core.importer.JavaClassProcessor - Analyzing class 'org/springframework/data/jpa/domain/support/AuditingEntityListener'
03:16:33.112 [main] DEBUG com.tngtech.archunit.core.importer.JavaClassProcessor - Analyzing class 'org/springframework/data/annotation/LastModifiedDate'
03:16:33.113 [main] DEBUG com.tngtech.archunit.core.importer.JavaClassProcessor - Analyzing class 'org/springframework/data/annotation/CreatedDate'
03:16:33.114 [main] DEBUG com.tngtech.archunit.core.importer.JavaClassProcessor - Analyzing class 'javax/persistence/Version'
03:16:33.115 [main] DEBUG com.tngtech.archunit.core.importer.JavaClassProcessor - Analyzing class 'org/hibernate/annotations/GenericGenerator'
03:16:33.116 [main] DEBUG com.tngtech.archunit.core.importer.JavaClassProcessor - Analyzing class 'javax/persistence/GeneratedValue'
03:16:33.117 [main] DEBUG com.tngtech.archunit.core.importer.JavaClassProcessor - Analyzing class 'javax/persistence/Id'
03:16:33.119 [main] DEBUG com.tngtech.archunit.core.importer.JavaClassProcessor - Analyzing class 'jdk/internal/HotSpotIntrinsicCandidate'
03:16:33.120 [main] DEBUG com.tngtech.archunit.core.importer.JavaClassProcessor - Analyzing class 'java/lang/Deprecated'
03:16:33.122 [main] DEBUG com.tngtech.archunit.core.importer.JavaClassProcessor - Analyzing class 'java/lang/FunctionalInterface'
03:16:33.123 [main] DEBUG com.tngtech.archunit.core.importer.JavaClassProcessor - Analyzing class 'org/springframework/lang/Nullable'
03:16:33.124 [main] DEBUG com.tngtech.archunit.core.importer.JavaClassProcessor - Analyzing class 'org/springframework/data/repository/NoRepositoryBean'
03:16:33.125 [main] DEBUG com.tngtech.archunit.core.importer.JavaClassProcessor - Analyzing class 'java/lang/SafeVarargs'
03:16:33.129 [main] DEBUG com.tngtech.archunit.core.importer.JavaClassProcessor - Analyzing class 'org/springframework/stereotype/Indexed'
03:16:33.131 [main] DEBUG com.tngtech.archunit.core.importer.JavaClassProcessor - Analyzing class 'jdk/internal/vm/annotation/ForceInline'
03:16:33.135 [main] DEBUG com.tngtech.archunit.core.importer.JavaClassProcessor - Analyzing class 'jdk/internal/vm/annotation/Stable'
03:16:33.188 [main] DEBUG com.tngtech.archunit.core.importer.JavaClassProcessor - Analyzing class 'com/fasterxml/jackson/databind/jsontype/NamedType'
03:16:33.189 [main] DEBUG com.tngtech.archunit.core.importer.JavaClassProcessor - Analyzing class 'java/util/regex/Pattern$GroupHead'
03:16:33.190 [main] DEBUG com.tngtech.archunit.core.importer.JavaClassProcessor - Analyzing class 'org/springframework/context/ApplicationListener'
03:16:33.191 [main] DEBUG com.tngtech.archunit.core.importer.JavaClassProcessor - Analyzing class 'com/fasterxml/jackson/annotation/JsonSetter'
03:16:33.192 [main] DEBUG com.tngtech.archunit.core.importer.JavaClassProcessor - Analyzing class 'java/nio/file/AccessMode'
03:16:33.193 [main] DEBUG com.tngtech.archunit.core.importer.JavaClassProcessor - Analyzing class 'java/lang/StackTraceElement'
03:16:33.194 [main] DEBUG com.tngtech.archunit.core.importer.JavaClassProcessor - Analyzing class 'java/nio/file/OpenOption'
03:16:33.195 [main] DEBUG com.tngtech.archunit.core.importer.JavaClassProcessor - Analyzing class 'org/springframework/context/ApplicationContextInitializer'
03:16:33.196 [main] DEBUG com.tngtech.archunit.core.importer.JavaClassProcessor - Analyzing class 'java/io/ObjectStreamField'
03:16:33.198 [main] DEBUG com.tngtech.archunit.core.importer.JavaClassProcessor - Analyzing class 'java/nio/file/attribute/FileAttribute'
03:16:33.200 [main] DEBUG com.tngtech.archunit.core.importer.JavaClassProcessor - Analyzing class 'com/fasterxml/jackson/annotation/JsonAutoDetect'
03:16:33.201 [main] DEBUG com.tngtech.archunit.core.importer.JavaClassProcessor - Analyzing class 'java/nio/file/LinkOption'
03:16:33.202 [main] DEBUG com.tngtech.archunit.core.importer.JavaClassProcessor - Analyzing class 'java/util/regex/IntHashSet'
03:16:33.203 [main] DEBUG com.tngtech.archunit.core.importer.JavaClassProcessor - Analyzing class 'com/fasterxml/jackson/annotation/JsonTypeInfo'
03:16:33.205 [main] DEBUG com.tngtech.archunit.core.importer.JavaClassProcessor - Analyzing class 'com/fasterxml/jackson/databind/introspect/AccessorNamingStrategy'
03:16:33.206 [main] DEBUG com.tngtech.archunit.core.importer.JavaClassProcessor - Analyzing class 'java/nio/file/CopyOption'
03:16:33.207 [main] DEBUG com.tngtech.archunit.core.importer.JavaClassProcessor - Analyzing class 'java/nio/file/FileVisitOption'
03:16:33.208 [main] DEBUG com.tngtech.archunit.core.importer.JavaClassProcessor - Analyzing class 'org/springframework/boot/ExitCodeGenerator'
03:16:33.209 [main] DEBUG com.tngtech.archunit.core.importer.JavaClassProcessor - Analyzing class 'java/nio/file/FileTreeWalker'
03:16:33.212 [main] DEBUG com.tngtech.archunit.core.importer.JavaClassProcessor - Analyzing class 'com/fasterxml/jackson/annotation/JsonInclude'
03:16:33.214 [main] DEBUG com.tngtech.archunit.core.importer.JavaClassProcessor - Analyzing class 'org/springframework/http/HttpMethod'
]]></system-out>
  </testcase>
  <testcase name="onlyServicesShouldBeAnnotatedWithService" classname="sn.ept.git.seminaire.cicd.demo.I_ArchTest" time="0.003"/>
  <testcase name="onlyResourcesShouldBeAnnotatedWithRestController" classname="sn.ept.git.seminaire.cicd.demo.I_ArchTest" time="0.007"/>
  <testcase name="resourcesShouldNotUseConcreteClassesOnServiceLayer" classname="sn.ept.git.seminaire.cicd.demo.I_ArchTest" time="0.022"/>
  <testcase name="onlyDomaineClassesShouldBeAnnotatedWithEntity" classname="sn.ept.git.seminaire.cicd.demo.I_ArchTest" time="0.003"/>
  <testcase name="servicesClassesNamesShouldEndWithIImpl" classname="sn.ept.git.seminaire.cicd.demo.I_ArchTest" time="0.002"/>
  <testcase name="servicesClassesShouldNotBeDirectlyInServicePackage" classname="sn.ept.git.seminaire.cicd.demo.I_ArchTest" time="0.003"/>
  <testcase name="resourcesNamesShouldEndWithResource" classname="sn.ept.git.seminaire.cicd.demo.I_ArchTest" time="0.002"/>
  <testcase name="servicesComponentsAndRepositoriesShouldNotDependOnWebLayer" classname="sn.ept.git.seminaire.cicd.demo.I_ArchTest" time="0.014"/>
  <testcase name="servicesShouldNotDependOnServiceLayer" classname="sn.ept.git.seminaire.cicd.demo.I_ArchTest" time="0.004"/>
  <testcase name="onlyDomaineClassesShouldBeAnnotatedWithTable" classname="sn.ept.git.seminaire.cicd.demo.I_ArchTest" time="0.003"/>
  <testcase name="servicesInterfacesShouldNotBeInServiceImplPackage" classname="sn.ept.git.seminaire.cicd.demo.I_ArchTest" time="0.002"/>
  <testcase name="resourcesShouldNotDependOnRepositoryLayer" classname="sn.ept.git.seminaire.cicd.demo.I_ArchTest" time="0.003"/>
</testsuite>